{"level":"info","message":"GET / 200 - 281ms","timestamp":"2026-04-28T17:25:54.063Z"}
{"level":"info","message":"GET /css/style.css 200 - 8ms","timestamp":"2026-04-28T17:25:54.130Z"}
{"level":"info","message":"GET /js/main.js 200 - 12ms","timestamp":"2026-04-28T17:25:54.138Z"}
{"level":"info","message":"GET /css/base.css 200 - 13ms","timestamp":"2026-04-28T17:25:54.155Z"}
{"level":"info","message":"GET /css/layout.css 200 - 16ms","timestamp":"2026-04-28T17:25:54.161Z"}
{"level":"info","message":"GET /css/components.css 200 - 19ms","timestamp":"2026-04-28T17:25:54.165Z"}
{"level":"info","message":"GET /css/forms.css 200 - 21ms","timestamp":"2026-04-28T17:25:54.168Z"}
{"level":"info","message":"GET /css/tables.css 200 - 21ms","timestamp":"2026-04-28T17:25:54.174Z"}
{"level":"info","message":"GET /css/pages.css 200 - 24ms","timestamp":"2026-04-28T17:25:54.176Z"}
{"level":"info","message":"GET /css/ppt.css 200 - 13ms","timestamp":"2026-04-28T17:25:54.184Z"}
{"level":"info","message":"GET /css/utilities.css 200 - 7ms","timestamp":"2026-04-28T17:25:54.187Z"}
{"level":"info","message":"GET /js/helpers.js 200 - 6ms","timestamp":"2026-04-28T17:25:54.267Z"}
{"level":"info","message":"GET /js/dealForm.js 200 - 8ms","timestamp":"2026-04-28T17:25:54.269Z"}
{"level":"info","message":"GET /js/ppt.js 200 - 15ms","timestamp":"2026-04-28T17:25:54.277Z"}
{"level":"info","message":"GET /js/records.js 200 - 17ms","timestamp":"2026-04-28T17:25:54.281Z"}
{"level":"info","message":"GET /js/summary.js 200 - 19ms","timestamp":"2026-04-28T17:25:54.283Z"}
{"level":"info","message":"GET /js/health.js 200 - 20ms","timestamp":"2026-04-28T17:25:54.286Z"}
{"level":"info","message":"GET /js/ui.js 200 - 6ms","timestamp":"2026-04-28T17:25:54.290Z"}
{"level":"info","message":"GET /components/topbar.html 200 - 8ms","timestamp":"2026-04-28T17:25:54.306Z"}
{"level":"info","message":"GET /components/sidebar.html 200 - 12ms","timestamp":"2026-04-28T17:25:54.311Z"}
{"level":"info","message":"GET /new-deal.html 200 - 11ms","timestamp":"2026-04-28T17:25:54.333Z"}
{"level":"info","message":"GET /records.html 200 - 12ms","timestamp":"2026-04-28T17:25:54.335Z"}
{"level":"info","message":"GET /favicon.ico 200 - 13ms","timestamp":"2026-04-28T17:25:54.337Z"}
{"level":"info","message":"GET /summary.html 200 - 14ms","timestamp":"2026-04-28T17:25:54.340Z"}
{"level":"info","message":"GET /health.html 200 - 15ms","timestamp":"2026-04-28T17:25:54.341Z"}
{"level":"info","message":"GET /css/style.css 304 - 6ms","timestamp":"2026-04-28T17:25:54.525Z"}
{"level":"info","message":"GET /css/base.css 304 - 7ms","timestamp":"2026-04-28T17:25:54.671Z"}
{"level":"info","message":"GET /css/layout.css 304 - 9ms","timestamp":"2026-04-28T17:25:54.674Z"}
{"level":"info","message":"GET /css/components.css 304 - 10ms","timestamp":"2026-04-28T17:25:54.677Z"}
{"level":"info","message":"GET /css/forms.css 304 - 11ms","timestamp":"2026-04-28T17:25:54.681Z"}
{"level":"info","message":"GET /css/tables.css 304 - 14ms","timestamp":"2026-04-28T17:25:54.683Z"}
{"level":"info","message":"GET /api/deals 200 - 166ms","timestamp":"2026-04-28T17:25:54.740Z"}
{"level":"info","message":"GET /css/pages.css 304 - 1ms","timestamp":"2026-04-28T17:25:54.743Z"}
{"level":"info","message":"GET /css/ppt.css 304 - 2ms","timestamp":"2026-04-28T17:25:54.746Z"}
{"level":"info","message":"GET /css/utilities.css 304 - 2ms","timestamp":"2026-04-28T17:25:54.747Z"}
{"level":"info","message":"GET / 304 - 17ms","timestamp":"2026-04-28T17:27:35.550Z"}
{"level":"info","message":"GET /css/style.css 304 - 34ms","timestamp":"2026-04-28T17:27:35.822Z"}
{"level":"info","message":"GET /js/main.js 304 - 18ms","timestamp":"2026-04-28T17:27:35.838Z"}
{"level":"info","message":"GET /css/base.css 304 - 22ms","timestamp":"2026-04-28T17:27:35.863Z"}
{"level":"info","message":"GET /css/pages.css 304 - 10ms","timestamp":"2026-04-28T17:27:35.868Z"}
{"level":"info","message":"GET /css/components.css 304 - 11ms","timestamp":"2026-04-28T17:27:35.871Z"}
{"level":"info","message":"GET /css/layout.css 304 - 11ms","timestamp":"2026-04-28T17:27:35.872Z"}
{"level":"info","message":"GET /css/forms.css 304 - 13ms","timestamp":"2026-04-28T17:27:35.874Z"}
{"level":"info","message":"GET /css/tables.css 304 - 15ms","timestamp":"2026-04-28T17:27:35.877Z"}
{"level":"info","message":"GET /css/ppt.css 304 - 2ms","timestamp":"2026-04-28T17:27:35.882Z"}
{"level":"info","message":"GET /css/utilities.css 304 - 4ms","timestamp":"2026-04-28T17:27:35.885Z"}
{"level":"info","message":"GET /js/helpers.js 304 - 2ms","timestamp":"2026-04-28T17:27:35.972Z"}
{"level":"info","message":"GET /js/dealForm.js 304 - 3ms","timestamp":"2026-04-28T17:27:35.973Z"}
{"level":"info","message":"GET /js/ppt.js 304 - 12ms","timestamp":"2026-04-28T17:27:35.987Z"}
{"level":"info","message":"GET /js/summary.js 304 - 11ms","timestamp":"2026-04-28T17:27:35.990Z"}
{"level":"info","message":"GET /js/health.js 304 - 11ms","timestamp":"2026-04-28T17:27:35.992Z"}
{"level":"info","message":"GET /js/ui.js 304 - 7ms","timestamp":"2026-04-28T17:27:36.000Z"}
{"level":"info","message":"GET /js/records.js 200 - 28ms","timestamp":"2026-04-28T17:27:36.006Z"}
{"level":"info","message":"GET /components/topbar.html 304 - 3ms","timestamp":"2026-04-28T17:27:36.022Z"}
{"level":"info","message":"GET /components/sidebar.html 304 - 4ms","timestamp":"2026-04-28T17:27:36.025Z"}
{"level":"info","message":"GET /new-deal.html 304 - 8ms","timestamp":"2026-04-28T17:27:36.043Z"}
{"level":"info","message":"GET /records.html 304 - 10ms","timestamp":"2026-04-28T17:27:36.046Z"}
{"level":"info","message":"GET /summary.html 304 - 11ms","timestamp":"2026-04-28T17:27:36.049Z"}
{"level":"info","message":"GET /health.html 304 - 13ms","timestamp":"2026-04-28T17:27:36.051Z"}
{"level":"info","message":"GET /css/style.css 304 - 3ms","timestamp":"2026-04-28T17:27:36.258Z"}
{"level":"info","message":"GET /favicon.ico 304 - 88ms","timestamp":"2026-04-28T17:27:36.340Z"}
{"level":"info","message":"GET /css/base.css 304 - 12ms","timestamp":"2026-04-28T17:27:36.357Z"}
{"level":"info","message":"GET /css/layout.css 304 - 14ms","timestamp":"2026-04-28T17:27:36.360Z"}
{"level":"info","message":"GET /css/components.css 304 - 16ms","timestamp":"2026-04-28T17:27:36.362Z"}
{"level":"info","message":"GET /css/forms.css 304 - 22ms","timestamp":"2026-04-28T17:27:36.369Z"}
{"level":"info","message":"GET /css/tables.css 304 - 20ms","timestamp":"2026-04-28T17:27:36.372Z"}
{"level":"info","message":"GET /css/pages.css 304 - 10ms","timestamp":"2026-04-28T17:27:36.384Z"}
{"level":"info","message":"GET /css/ppt.css 304 - 12ms","timestamp":"2026-04-28T17:27:36.387Z"}
{"level":"info","message":"GET /css/utilities.css 304 - 12ms","timestamp":"2026-04-28T17:27:36.389Z"}
{"level":"info","message":"GET /api/deals 304 - 150ms","timestamp":"2026-04-28T17:27:36.455Z"}
{"level":"info","message":"GET / 304 - 23ms","timestamp":"2026-04-28T17:43:29.432Z"}
{"level":"info","message":"GET /css/style.css 304 - 6ms","timestamp":"2026-04-28T17:43:29.619Z"}
{"level":"info","message":"GET /css/base.css 304 - 4ms","timestamp":"2026-04-28T17:43:29.650Z"}
{"level":"info","message":"GET /js/main.js 200 - 45ms","timestamp":"2026-04-28T17:43:29.660Z"}
{"level":"info","message":"GET /css/layout.css 304 - 9ms","timestamp":"2026-04-28T17:43:29.663Z"}
{"level":"info","message":"GET /css/forms.css 304 - 11ms","timestamp":"2026-04-28T17:43:29.666Z"}
{"level":"info","message":"GET /css/tables.css 304 - 12ms","timestamp":"2026-04-28T17:43:29.668Z"}
{"level":"info","message":"GET /css/components.css 304 - 13ms","timestamp":"2026-04-28T17:43:29.670Z"}
{"level":"info","message":"GET /css/pages.css 304 - 5ms","timestamp":"2026-04-28T17:43:29.676Z"}
{"level":"info","message":"GET /css/ppt.css 304 - 5ms","timestamp":"2026-04-28T17:43:29.679Z"}
{"level":"info","message":"GET /css/utilities.css 304 - 2ms","timestamp":"2026-04-28T17:43:29.682Z"}
{"level":"info","message":"GET /js/helpers.js 304 - 5ms","timestamp":"2026-04-28T17:43:29.787Z"}
{"level":"info","message":"GET /js/ppt.js 304 - 6ms","timestamp":"2026-04-28T17:43:29.790Z"}
{"level":"info","message":"GET /js/health.js 304 - 10ms","timestamp":"2026-04-28T17:43:29.796Z"}
{"level":"info","message":"GET /js/dealForm.js 200 - 20ms","timestamp":"2026-04-28T17:43:29.803Z"}
{"level":"info","message":"GET /js/records.js 200 - 20ms","timestamp":"2026-04-28T17:43:29.805Z"}
{"level":"info","message":"GET /js/ui.js 304 - 8ms","timestamp":"2026-04-28T17:43:29.809Z"}
{"level":"info","message":"GET /js/summary.js 200 - 26ms","timestamp":"2026-04-28T17:43:29.812Z"}
{"level":"info","message":"GET /components/topbar.html 304 - 2ms","timestamp":"2026-04-28T17:43:29.823Z"}
{"level":"info","message":"GET /components/sidebar.html 304 - 4ms","timestamp":"2026-04-28T17:43:29.826Z"}
{"level":"info","message":"GET /new-deal.html 304 - 18ms","timestamp":"2026-04-28T17:43:29.860Z"}
{"level":"info","message":"GET /summary.html 304 - 17ms","timestamp":"2026-04-28T17:43:29.862Z"}
{"level":"info","message":"GET /records.html 304 - 23ms","timestamp":"2026-04-28T17:43:29.866Z"}
{"level":"info","message":"GET /health.html 304 - 17ms","timestamp":"2026-04-28T17:43:29.868Z"}
{"level":"info","message":"GET /favicon.ico 304 - 18ms","timestamp":"2026-04-28T17:43:29.872Z"}
{"level":"info","message":"GET /css/style.css 304 - 6ms","timestamp":"2026-04-28T17:43:30.103Z"}
{"level":"info","message":"GET /css/base.css 304 - 2ms","timestamp":"2026-04-28T17:43:30.200Z"}
{"level":"info","message":"GET /css/layout.css 304 - 4ms","timestamp":"2026-04-28T17:43:30.202Z"}
{"level":"info","message":"GET /css/components.css 304 - 5ms","timestamp":"2026-04-28T17:43:30.204Z"}
{"level":"info","message":"GET /css/forms.css 304 - 8ms","timestamp":"2026-04-28T17:43:30.207Z"}
{"level":"info","message":"GET /css/tables.css 304 - 15ms","timestamp":"2026-04-28T17:43:30.214Z"}
{"level":"info","message":"GET /css/pages.css 304 - 5ms","timestamp":"2026-04-28T17:43:30.221Z"}
{"level":"info","message":"GET /css/ppt.css 304 - 6ms","timestamp":"2026-04-28T17:43:30.223Z"}
{"level":"info","message":"GET /css/utilities.css 304 - 19ms","timestamp":"2026-04-28T17:43:30.237Z"}
{"level":"info","message":"GET /api/deals 304 - 149ms","timestamp":"2026-04-28T17:43:30.286Z"}
{"level":"error","message":"GET /api/deals/health 500 - 154ms","timestamp":"2026-04-28T17:43:42.903Z"}
{"level":"error","message":"GET /api/deals/health 500 - 11ms","timestamp":"2026-04-28T17:43:42.922Z"}
{"level":"info","message":"GET /new-deal.html 304 - 2ms","timestamp":"2026-04-28T17:43:51.020Z"}
{"level":"info","message":"GET /records.html 304 - 4ms","timestamp":"2026-04-28T17:43:51.022Z"}
{"level":"info","message":"GET /summary.html 304 - 2ms","timestamp":"2026-04-28T17:43:51.025Z"}
{"level":"info","message":"GET /health.html 304 - 3ms","timestamp":"2026-04-28T17:43:51.026Z"}
{"level":"info","message":"GET /favicon.ico 304 - 5ms","timestamp":"2026-04-28T17:43:51.028Z"}
{"level":"info","message":"GET /css/style.css 304 - 1ms","timestamp":"2026-04-28T17:43:51.170Z"}
{"level":"info","message":"GET /css/base.css 304 - 4ms","timestamp":"2026-04-28T17:43:51.181Z"}
{"level":"info","message":"GET /css/layout.css 304 - 3ms","timestamp":"2026-04-28T17:43:51.181Z"}
{"level":"info","message":"GET /css/components.css 304 - 4ms","timestamp":"2026-04-28T17:43:51.183Z"}
{"level":"info","message":"GET /css/forms.css 304 - 4ms","timestamp":"2026-04-28T17:43:51.184Z"}
{"level":"info","message":"GET /api/deals 304 - 21ms","timestamp":"2026-04-28T17:43:51.193Z"}
{"level":"info","message":"GET /css/tables.css 304 - 1ms","timestamp":"2026-04-28T17:43:51.196Z"}
{"level":"info","message":"GET /css/pages.css 304 - 2ms","timestamp":"2026-04-28T17:43:51.199Z"}
{"level":"info","message":"GET /css/ppt.css 304 - 2ms","timestamp":"2026-04-28T17:43:51.200Z"}
{"level":"info","message":"GET /css/utilities.css 304 - 4ms","timestamp":"2026-04-28T17:43:51.203Z"}
{"level":"info","message":"GET /new-deal.html 304 - 6ms","timestamp":"2026-04-28T17:43:52.768Z"}
{"level":"info","message":"GET /records.html 304 - 8ms","timestamp":"2026-04-28T17:43:52.771Z"}
{"level":"info","message":"GET /summary.html 304 - 8ms","timestamp":"2026-04-28T17:43:52.772Z"}
{"level":"info","message":"GET /health.html 304 - 9ms","timestamp":"2026-04-28T17:43:52.773Z"}
{"level":"info","message":"GET /favicon.ico 304 - 9ms","timestamp":"2026-04-28T17:43:52.774Z"}
{"level":"info","message":"GET /css/style.css 304 - 1ms","timestamp":"2026-04-28T17:43:52.948Z"}
{"level":"info","message":"GET /css/base.css 304 - 2ms","timestamp":"2026-04-28T17:43:52.965Z"}
{"level":"info","message":"GET /css/layout.css 304 - 8ms","timestamp":"2026-04-28T17:43:52.973Z"}
{"level":"info","message":"GET /css/components.css 304 - 11ms","timestamp":"2026-04-28T17:43:52.975Z"}
{"level":"info","message":"GET /css/forms.css 304 - 12ms","timestamp":"2026-04-28T17:43:52.976Z"}
{"level":"info","message":"GET /css/tables.css 304 - 13ms","timestamp":"2026-04-28T17:43:52.977Z"}
{"level":"info","message":"GET /api/deals 304 - 38ms","timestamp":"2026-04-28T17:43:52.995Z"}
{"level":"info","message":"GET /css/pages.css 304 - 3ms","timestamp":"2026-04-28T17:43:52.999Z"}
{"level":"info","message":"GET /css/ppt.css 304 - 11ms","timestamp":"2026-04-28T17:43:53.008Z"}
{"level":"info","message":"GET /css/utilities.css 304 - 12ms","timestamp":"2026-04-28T17:43:53.010Z"}
{"level":"info","message":"GET / 304 - 29ms","timestamp":"2026-04-28T17:45:40.527Z"}
{"level":"info","message":"GET /css/style.css 304 - 2ms","timestamp":"2026-04-28T17:45:40.761Z"}
{"level":"info","message":"GET /css/base.css 304 - 17ms","timestamp":"2026-04-28T17:45:40.813Z"}
{"level":"info","message":"GET /css/layout.css 304 - 13ms","timestamp":"2026-04-28T17:45:40.816Z"}
{"level":"info","message":"GET /css/components.css 304 - 3ms","timestamp":"2026-04-28T17:45:40.826Z"}
{"level":"info","message":"GET /css/forms.css 304 - 7ms","timestamp":"2026-04-28T17:45:40.831Z"}
{"level":"info","message":"GET /css/tables.css 304 - 15ms","timestamp":"2026-04-28T17:45:40.839Z"}
{"level":"info","message":"GET /js/main.js 200 - 88ms","timestamp":"2026-04-28T17:45:40.851Z"}
{"level":"info","message":"GET /css/pages.css 304 - 10ms","timestamp":"2026-04-28T17:45:40.856Z"}
{"level":"info","message":"GET /css/ppt.css 304 - 11ms","timestamp":"2026-04-28T17:45:40.858Z"}
{"level":"info","message":"GET /css/utilities.css 304 - 2ms","timestamp":"2026-04-28T17:45:40.863Z"}
{"level":"info","message":"GET /js/helpers.js 304 - 1ms","timestamp":"2026-04-28T17:45:40.995Z"}
{"level":"info","message":"GET /js/dealForm.js 304 - 2ms","timestamp":"2026-04-28T17:45:40.996Z"}
{"level":"info","message":"GET /js/ppt.js 304 - 6ms","timestamp":"2026-04-28T17:45:41.002Z"}
{"level":"info","message":"GET /js/records.js 304 - 6ms","timestamp":"2026-04-28T17:45:41.009Z"}
{"level":"info","message":"GET /js/summary.js 304 - 6ms","timestamp":"2026-04-28T17:45:41.010Z"}
{"level":"info","message":"GET /js/health.js 304 - 5ms","timestamp":"2026-04-28T17:45:41.011Z"}
{"level":"info","message":"GET /js/ui.js 304 - 5ms","timestamp":"2026-04-28T17:45:41.012Z"}
{"level":"info","message":"GET /components/topbar.html 304 - 1ms","timestamp":"2026-04-28T17:45:41.026Z"}
{"level":"info","message":"GET /components/sidebar.html 304 - 2ms","timestamp":"2026-04-28T17:45:41.027Z"}
{"level":"info","message":"GET /new-deal.html 304 - 3ms","timestamp":"2026-04-28T17:45:41.052Z"}
{"level":"info","message":"GET /records.html 304 - 3ms","timestamp":"2026-04-28T17:45:41.053Z"}
{"level":"info","message":"GET /summary.html 304 - 5ms","timestamp":"2026-04-28T17:45:41.055Z"}
{"level":"info","message":"GET /health.html 304 - 6ms","timestamp":"2026-04-28T17:45:41.057Z"}
{"level":"info","message":"GET /favicon.ico 304 - 1ms","timestamp":"2026-04-28T17:45:41.261Z"}
{"level":"info","message":"GET /css/style.css 304 - 6ms","timestamp":"2026-04-28T17:45:41.272Z"}
{"level":"info","message":"GET /css/base.css 304 - 5ms","timestamp":"2026-04-28T17:45:41.343Z"}
{"level":"info","message":"GET /css/layout.css 304 - 6ms","timestamp":"2026-04-28T17:45:41.345Z"}
{"level":"info","message":"GET /css/components.css 304 - 5ms","timestamp":"2026-04-28T17:45:41.347Z"}
{"level":"info","message":"GET /css/forms.css 304 - 7ms","timestamp":"2026-04-28T17:45:41.349Z"}
{"level":"info","message":"GET /css/tables.css 304 - 11ms","timestamp":"2026-04-28T17:45:41.353Z"}
{"level":"info","message":"GET /css/pages.css 304 - 2ms","timestamp":"2026-04-28T17:45:41.361Z"}
{"level":"info","message":"GET /css/ppt.css 304 - 2ms","timestamp":"2026-04-28T17:45:41.362Z"}
{"level":"info","message":"GET /css/utilities.css 304 - 2ms","timestamp":"2026-04-28T17:45:41.363Z"}
{"level":"info","message":"GET /api/deals 304 - 163ms","timestamp":"2026-04-28T17:45:41.455Z"}
{"level":"info","message":"GET / 200 - 69ms","timestamp":"2026-04-29T06:29:21.168Z"}
{"level":"info","message":"GET /css/style.css 304 - 12ms","timestamp":"2026-04-29T06:29:21.231Z"}
{"level":"info","message":"GET /js/main.js 200 - 22ms","timestamp":"2026-04-29T06:29:21.241Z"}
{"level":"info","message":"GET /css/layout.css 304 - 2ms","timestamp":"2026-04-29T06:29:21.246Z"}
{"level":"info","message":"GET /css/forms.css 304 - 8ms","timestamp":"2026-04-29T06:29:21.256Z"}
{"level":"info","message":"GET /css/base.css 304 - 6ms","timestamp":"2026-04-29T06:29:21.258Z"}
{"level":"info","message":"GET /css/components.css 304 - 3ms","timestamp":"2026-04-29T06:29:21.263Z"}
{"level":"info","message":"GET /css/tables.css 304 - 5ms","timestamp":"2026-04-29T06:29:21.266Z"}
{"level":"info","message":"GET /css/pages.css 304 - 14ms","timestamp":"2026-04-29T06:29:21.275Z"}
{"level":"info","message":"GET /css/utilities.css 304 - 4ms","timestamp":"2026-04-29T06:29:21.280Z"}
{"level":"info","message":"GET /css/ppt.css 304 - 3ms","timestamp":"2026-04-29T06:29:21.281Z"}
{"level":"info","message":"GET /js/helpers.js 304 - 5ms","timestamp":"2026-04-29T06:29:21.341Z"}
{"level":"info","message":"GET /js/dealForm.js 304 - 4ms","timestamp":"2026-04-29T06:29:21.342Z"}
{"level":"info","message":"GET /js/ppt.js 304 - 4ms","timestamp":"2026-04-29T06:29:21.342Z"}
{"level":"info","message":"GET /js/records.js 304 - 5ms","timestamp":"2026-04-29T06:29:21.343Z"}
{"level":"info","message":"GET /js/summary.js 304 - 3ms","timestamp":"2026-04-29T06:29:21.343Z"}
{"level":"info","message":"GET /js/health.js 304 - 1ms","timestamp":"2026-04-29T06:29:21.346Z"}
{"level":"info","message":"GET /js/ui.js 304 - 3ms","timestamp":"2026-04-29T06:29:21.349Z"}
{"level":"info","message":"GET /components/topbar.html 304 - 1ms","timestamp":"2026-04-29T06:29:21.358Z"}
{"level":"info","message":"GET /components/sidebar.html 304 - 4ms","timestamp":"2026-04-29T06:29:21.361Z"}
{"level":"info","message":"GET /pages/new-deal.html 200 - 8ms","timestamp":"2026-04-29T06:29:21.374Z"}
{"level":"info","message":"GET /pages/records.html 200 - 9ms","timestamp":"2026-04-29T06:29:21.376Z"}
{"level":"info","message":"GET /pages/summary.html 200 - 10ms","timestamp":"2026-04-29T06:29:21.377Z"}
{"level":"info","message":"GET /pages/health.html 200 - 17ms","timestamp":"2026-04-29T06:29:21.384Z"}
{"level":"info","message":"GET /favicon.ico 200 - 3ms","timestamp":"2026-04-29T06:29:21.497Z"}
{"level":"info","message":"GET /api/deals 304 - 114ms","timestamp":"2026-04-29T06:29:21.627Z"}
{"level":"error","message":"GET /api/deals/health 500 - 82ms","timestamp":"2026-04-29T06:29:26.773Z"}
{"level":"error","message":"GET /api/deals/health 500 - 9ms","timestamp":"2026-04-29T06:29:26.785Z"}
{"level":"info","message":"GET /pages/new-deal.html 304 - 1ms","timestamp":"2026-04-29T06:29:40.342Z"}
{"level":"info","message":"GET /pages/records.html 304 - 2ms","timestamp":"2026-04-29T06:29:40.343Z"}
{"level":"info","message":"GET /pages/summary.html 304 - 2ms","timestamp":"2026-04-29T06:29:40.347Z"}
{"level":"info","message":"GET /pages/health.html 304 - 4ms","timestamp":"2026-04-29T06:29:40.349Z"}
{"level":"info","message":"GET /favicon.ico 304 - 7ms","timestamp":"2026-04-29T06:29:40.353Z"}
{"level":"info","message":"GET /api/deals 304 - 30ms","timestamp":"2026-04-29T06:29:40.510Z"}
{"level":"info","message":"GET / 304 - 25ms","timestamp":"2026-04-29T06:36:33.983Z"}
{"level":"info","message":"GET /css/style.css 304 - 8ms","timestamp":"2026-04-29T06:36:34.100Z"}
{"level":"info","message":"GET /js/main.js 304 - 9ms","timestamp":"2026-04-29T06:36:34.103Z"}
{"level":"info","message":"GET /css/base.css 304 - 2ms","timestamp":"2026-04-29T06:36:34.133Z"}
{"level":"info","message":"GET /css/layout.css 304 - 14ms","timestamp":"2026-04-29T06:36:34.159Z"}
{"level":"info","message":"GET /css/forms.css 304 - 10ms","timestamp":"2026-04-29T06:36:34.161Z"}
{"level":"info","message":"GET /css/tables.css 304 - 6ms","timestamp":"2026-04-29T06:36:34.169Z"}
{"level":"info","message":"GET /css/pages.css 304 - 5ms","timestamp":"2026-04-29T06:36:34.172Z"}
{"level":"info","message":"GET /css/ppt.css 304 - 6ms","timestamp":"2026-04-29T06:36:34.173Z"}
{"level":"info","message":"GET /css/components.css 200 - 45ms","timestamp":"2026-04-29T06:36:34.176Z"}
{"level":"info","message":"GET /css/utilities.css 304 - 6ms","timestamp":"2026-04-29T06:36:34.180Z"}
{"level":"info","message":"GET /js/helpers.js 304 - 2ms","timestamp":"2026-04-29T06:36:34.283Z"}
{"level":"info","message":"GET /js/dealForm.js 304 - 2ms","timestamp":"2026-04-29T06:36:34.284Z"}
{"level":"info","message":"GET /js/ppt.js 304 - 5ms","timestamp":"2026-04-29T06:36:34.287Z"}
{"level":"info","message":"GET /js/summary.js 304 - 1ms","timestamp":"2026-04-29T06:36:34.291Z"}
{"level":"info","message":"GET /js/records.js 304 - 2ms","timestamp":"2026-04-29T06:36:34.293Z"}
{"level":"info","message":"GET /js/health.js 304 - 4ms","timestamp":"2026-04-29T06:36:34.295Z"}
{"level":"info","message":"GET /js/ui.js 304 - 4ms","timestamp":"2026-04-29T06:36:34.297Z"}
{"level":"info","message":"GET /components/sidebar.html 304 - 0ms","timestamp":"2026-04-29T06:36:34.309Z"}
{"level":"info","message":"GET /components/topbar.html 304 - 2ms","timestamp":"2026-04-29T06:36:34.310Z"}
{"level":"info","message":"GET /pages/health.html 304 - 3ms","timestamp":"2026-04-29T06:36:34.319Z"}
{"level":"info","message":"GET /pages/summary.html 304 - 5ms","timestamp":"2026-04-29T06:36:34.322Z"}
{"level":"info","message":"GET /pages/records.html 304 - 6ms","timestamp":"2026-04-29T06:36:34.323Z"}
{"level":"info","message":"GET /pages/new-deal.html 304 - 6ms","timestamp":"2026-04-29T06:36:34.324Z"}
{"level":"info","message":"GET /favicon.ico 304 - 2ms","timestamp":"2026-04-29T06:36:34.450Z"}
{"level":"info","message":"GET /api/deals 304 - 104ms","timestamp":"2026-04-29T06:36:34.567Z"}
{"level":"error","message":"GET /api/deals/health 500 - 150ms","timestamp":"2026-04-29T06:36:54.087Z"}
{"level":"error","message":"GET /api/deals/health 500 - 14ms","timestamp":"2026-04-29T06:36:54.105Z"}
{"level":"info","message":"GET / 304 - 74ms","timestamp":"2026-04-29T08:34:31.406Z"}
{"level":"info","message":"GET /css/style.css 304 - 13ms","timestamp":"2026-04-29T08:34:31.647Z"}
{"level":"info","message":"GET /js/main.js 304 - 13ms","timestamp":"2026-04-29T08:34:31.663Z"}
{"level":"info","message":"GET /css/base.css 304 - 3ms","timestamp":"2026-04-29T08:34:31.667Z"}
{"level":"info","message":"GET /css/layout.css 304 - 21ms","timestamp":"2026-04-29T08:34:31.698Z"}
{"level":"info","message":"GET /css/components.css 304 - 27ms","timestamp":"2026-04-29T08:34:31.705Z"}
{"level":"info","message":"GET /css/forms.css 304 - 21ms","timestamp":"2026-04-29T08:34:31.718Z"}
{"level":"info","message":"GET /css/tables.css 304 - 26ms","timestamp":"2026-04-29T08:34:31.723Z"}
{"level":"info","message":"GET /css/pages.css 304 - 12ms","timestamp":"2026-04-29T08:34:31.728Z"}
{"level":"info","message":"GET /css/ppt.css 304 - 13ms","timestamp":"2026-04-29T08:34:31.730Z"}
{"level":"info","message":"GET /css/utilities.css 304 - 7ms","timestamp":"2026-04-29T08:34:31.736Z"}
{"level":"info","message":"GET /js/ppt.js 304 - 10ms","timestamp":"2026-04-29T08:34:31.849Z"}
{"level":"info","message":"GET /js/dealForm.js 304 - 17ms","timestamp":"2026-04-29T08:34:31.858Z"}
{"level":"info","message":"GET /js/helpers.js 304 - 25ms","timestamp":"2026-04-29T08:34:31.861Z"}
{"level":"info","message":"GET /js/records.js 304 - 22ms","timestamp":"2026-04-29T08:34:31.866Z"}
{"level":"info","message":"GET /js/summary.js 304 - 20ms","timestamp":"2026-04-29T08:34:31.868Z"}
{"level":"info","message":"GET /js/health.js 304 - 28ms","timestamp":"2026-04-29T08:34:31.876Z"}
{"level":"info","message":"GET /js/ui.js 304 - 1ms","timestamp":"2026-04-29T08:34:31.878Z"}
{"level":"info","message":"GET /components/sidebar.html 304 - 1ms","timestamp":"2026-04-29T08:34:31.890Z"}
{"level":"info","message":"GET /components/topbar.html 304 - 7ms","timestamp":"2026-04-29T08:34:31.897Z"}
{"level":"info","message":"GET /pages/new-deal.html 304 - 11ms","timestamp":"2026-04-29T08:34:31.919Z"}
{"level":"info","message":"GET /pages/records.html 304 - 10ms","timestamp":"2026-04-29T08:34:31.923Z"}
{"level":"info","message":"GET /pages/health.html 304 - 10ms","timestamp":"2026-04-29T08:34:31.926Z"}
{"level":"info","message":"GET /pages/summary.html 304 - 12ms","timestamp":"2026-04-29T08:34:31.927Z"}
{"level":"info","message":"GET /favicon.ico 304 - 23ms","timestamp":"2026-04-29T08:34:31.930Z"}
{"level":"info","message":"GET /api/deals 304 - 153ms","timestamp":"2026-04-29T08:34:32.110Z"}
{"level":"error","message":"GET /api/deals/health 500 - 194ms","timestamp":"2026-04-29T08:34:43.408Z"}
{"level":"error","message":"GET /api/deals/health 500 - 11ms","timestamp":"2026-04-29T08:34:43.423Z"}
{"level":"info","message":"GET / 304 - 71ms","timestamp":"2026-04-29T10:06:03.290Z"}
{"level":"info","message":"GET /css/style.css 304 - 9ms","timestamp":"2026-04-29T10:06:03.586Z"}
{"level":"info","message":"GET /js/main.js 200 - 30ms","timestamp":"2026-04-29T10:06:03.638Z"}
{"level":"info","message":"GET /css/base.css 304 - 7ms","timestamp":"2026-04-29T10:06:03.647Z"}
{"level":"info","message":"GET /css/layout.css 304 - 5ms","timestamp":"2026-04-29T10:06:03.655Z"}
{"level":"info","message":"GET /css/forms.css 304 - 9ms","timestamp":"2026-04-29T10:06:03.661Z"}
{"level":"info","message":"GET /css/components.css 304 - 11ms","timestamp":"2026-04-29T10:06:03.664Z"}
{"level":"info","message":"GET /css/tables.css 304 - 12ms","timestamp":"2026-04-29T10:06:03.667Z"}
{"level":"info","message":"GET /css/utilities.css 304 - 18ms","timestamp":"2026-04-29T10:06:03.673Z"}
{"level":"info","message":"GET /css/pages.css 304 - 12ms","timestamp":"2026-04-29T10:06:03.681Z"}
{"level":"info","message":"GET /css/ppt.css 304 - 2ms","timestamp":"2026-04-29T10:06:03.682Z"}
{"level":"info","message":"GET /js/helpers.js 304 - 2ms","timestamp":"2026-04-29T10:06:03.791Z"}
{"level":"info","message":"GET /js/summary.js 304 - 2ms","timestamp":"2026-04-29T10:06:03.801Z"}
{"level":"info","message":"GET /js/health.js 304 - 7ms","timestamp":"2026-04-29T10:06:03.812Z"}
{"level":"info","message":"GET /js/ui.js 304 - 4ms","timestamp":"2026-04-29T10:06:03.813Z"}
{"level":"info","message":"GET /js/records.js 200 - 18ms","timestamp":"2026-04-29T10:06:03.816Z"}
{"level":"info","message":"GET /js/ppt.js 200 - 33ms","timestamp":"2026-04-29T10:06:03.826Z"}
{"level":"info","message":"GET /js/dealForm.js 200 - 38ms","timestamp":"2026-04-29T10:06:03.828Z"}
{"level":"info","message":"GET /components/topbar.html 304 - 8ms","timestamp":"2026-04-29T10:06:03.855Z"}
{"level":"info","message":"GET /components/sidebar.html 304 - 7ms","timestamp":"2026-04-29T10:06:03.856Z"}
{"level":"info","message":"GET /pages/records.html 304 - 2ms","timestamp":"2026-04-29T10:06:03.875Z"}
{"level":"info","message":"GET /pages/summary.html 304 - 2ms","timestamp":"2026-04-29T10:06:03.878Z"}
{"level":"info","message":"GET /pages/health.html 304 - 2ms","timestamp":"2026-04-29T10:06:03.879Z"}
{"level":"info","message":"GET /pages/new-deal.html 200 - 9ms","timestamp":"2026-04-29T10:06:03.881Z"}
{"level":"info","message":"GET /favicon.ico 304 - 3ms","timestamp":"2026-04-29T10:06:04.088Z"}
{"level":"info","message":"GET /api/deals 304 - 217ms","timestamp":"2026-04-29T10:06:04.327Z"}
{"level":"info","message":"GET / 304 - 50ms","timestamp":"2026-04-29T10:14:33.385Z"}
{"level":"info","message":"GET /css/style.css 304 - 49ms","timestamp":"2026-04-29T10:14:33.577Z"}
{"level":"info","message":"GET /js/main.js 304 - 13ms","timestamp":"2026-04-29T10:14:33.591Z"}
{"level":"info","message":"GET /css/base.css 304 - 13ms","timestamp":"2026-04-29T10:14:33.595Z"}
{"level":"info","message":"GET /css/layout.css 304 - 8ms","timestamp":"2026-04-29T10:14:33.604Z"}
{"level":"info","message":"GET /css/components.css 304 - 11ms","timestamp":"2026-04-29T10:14:33.607Z"}
{"level":"info","message":"GET /css/forms.css 304 - 12ms","timestamp":"2026-04-29T10:14:33.609Z"}
{"level":"info","message":"GET /css/pages.css 304 - 16ms","timestamp":"2026-04-29T10:14:33.613Z"}
{"level":"info","message":"GET /css/ppt.css 304 - 10ms","timestamp":"2026-04-29T10:14:33.624Z"}
{"level":"info","message":"GET /css/utilities.css 304 - 12ms","timestamp":"2026-04-29T10:14:33.628Z"}
{"level":"info","message":"GET /css/tables.css 304 - 1ms","timestamp":"2026-04-29T10:14:33.630Z"}
{"level":"info","message":"GET /js/helpers.js 304 - 1ms","timestamp":"2026-04-29T10:14:33.742Z"}
{"level":"info","message":"GET /js/dealForm.js 304 - 5ms","timestamp":"2026-04-29T10:14:33.746Z"}
{"level":"info","message":"GET /js/summary.js 304 - 8ms","timestamp":"2026-04-29T10:14:33.752Z"}
{"level":"info","message":"GET /js/health.js 304 - 4ms","timestamp":"2026-04-29T10:14:33.757Z"}
{"level":"info","message":"GET /js/ui.js 304 - 4ms","timestamp":"2026-04-29T10:14:33.758Z"}
{"level":"info","message":"GET /js/records.js 200 - 16ms","timestamp":"2026-04-29T10:14:33.760Z"}
{"level":"info","message":"GET /js/ppt.js 200 - 19ms","timestamp":"2026-04-29T10:14:33.762Z"}
{"level":"info","message":"GET /components/topbar.html 304 - 2ms","timestamp":"2026-04-29T10:14:33.778Z"}
{"level":"info","message":"GET /components/sidebar.html 304 - 6ms","timestamp":"2026-04-29T10:14:33.783Z"}
{"level":"info","message":"GET /favicon.ico 304 - 6ms","timestamp":"2026-04-29T10:14:33.799Z"}
{"level":"info","message":"GET /pages/records.html 304 - 4ms","timestamp":"2026-04-29T10:14:33.800Z"}
{"level":"info","message":"GET /pages/summary.html 304 - 7ms","timestamp":"2026-04-29T10:14:33.803Z"}
{"level":"info","message":"GET /pages/health.html 304 - 9ms","timestamp":"2026-04-29T10:14:33.806Z"}
{"level":"info","message":"GET /pages/new-deal.html 200 - 13ms","timestamp":"2026-04-29T10:14:33.808Z"}
{"level":"info","message":"GET /api/deals 304 - 114ms","timestamp":"2026-04-29T10:14:33.955Z"}
{"level":"info","message":"GET / 200 - 76ms","timestamp":"2026-04-29T10:35:17.363Z"}
{"level":"info","message":"GET /css/style.css 304 - 9ms","timestamp":"2026-04-29T10:35:17.677Z"}
{"level":"info","message":"GET /css/layout.css 304 - 57ms","timestamp":"2026-04-29T10:35:17.803Z"}
{"level":"info","message":"GET /css/base.css 304 - 30ms","timestamp":"2026-04-29T10:35:17.806Z"}
{"level":"info","message":"GET /css/components.css 304 - 34ms","timestamp":"2026-04-29T10:35:17.811Z"}
{"level":"info","message":"GET /css/forms.css 304 - 19ms","timestamp":"2026-04-29T10:35:17.813Z"}
{"level":"info","message":"GET /css/tables.css 304 - 17ms","timestamp":"2026-04-29T10:35:17.815Z"}
{"level":"info","message":"GET /js/main.js 200 - 135ms","timestamp":"2026-04-29T10:35:17.827Z"}
{"level":"info","message":"GET /css/pages.css 304 - 4ms","timestamp":"2026-04-29T10:35:17.839Z"}
{"level":"info","message":"GET /css/ppt.css 304 - 7ms","timestamp":"2026-04-29T10:35:17.843Z"}
{"level":"info","message":"GET /css/utilities.css 304 - 8ms","timestamp":"2026-04-29T10:35:17.846Z"}
{"level":"info","message":"GET /js/helpers.js 304 - 2ms","timestamp":"2026-04-29T10:35:18.127Z"}
{"level":"info","message":"GET /js/dealForm.js 304 - 2ms","timestamp":"2026-04-29T10:35:18.128Z"}
{"level":"info","message":"GET /js/records.js 304 - 7ms","timestamp":"2026-04-29T10:35:18.133Z"}
{"level":"info","message":"GET /js/ppt.js 304 - 6ms","timestamp":"2026-04-29T10:35:18.136Z"}
{"level":"info","message":"GET /js/health.js 304 - 9ms","timestamp":"2026-04-29T10:35:18.144Z"}
{"level":"info","message":"GET /js/summary.js 304 - 2ms","timestamp":"2026-04-29T10:35:18.150Z"}
{"level":"info","message":"GET /js/ui.js 200 - 6ms","timestamp":"2026-04-29T10:35:18.153Z"}
{"level":"info","message":"GET /components/topbar.html 304 - 3ms","timestamp":"2026-04-29T10:35:18.176Z"}
{"level":"info","message":"GET /components/sidebar.html 200 - 7ms","timestamp":"2026-04-29T10:35:18.181Z"}
{"level":"info","message":"GET /pages/records.html 304 - 3ms","timestamp":"2026-04-29T10:35:18.333Z"}
{"level":"info","message":"GET /pages/summary.html 304 - 11ms","timestamp":"2026-04-29T10:35:18.342Z"}
{"level":"info","message":"GET /pages/health.html 304 - 10ms","timestamp":"2026-04-29T10:35:18.345Z"}
{"level":"info","message":"GET /pages/new-deal.html 200 - 20ms","timestamp":"2026-04-29T10:35:18.348Z"}
{"level":"info","message":"GET /favicon.ico 200 - 18ms","timestamp":"2026-04-29T10:35:18.359Z"}
{"level":"info","message":"GET /api/deals 304 - 523ms","timestamp":"2026-04-29T10:35:19.156Z"}
{"level":"error","message":"POST /api/deals 400 - 3441ms","timestamp":"2026-04-29T10:40:35.330Z"}
{"level":"error","message":"POST /api/deals 400 - 3316ms","timestamp":"2026-04-29T10:40:35.340Z"}
{"level":"error","message":"POST /api/deals 400 - 3169ms","timestamp":"2026-04-29T10:40:48.712Z"}
{"level":"error","message":"POST /api/deals 400 - 3224ms","timestamp":"2026-04-29T10:40:48.808Z"}
{"level":"info","message":"GET /css/base.css 304 - 10ms","timestamp":"2026-04-29T10:41:34.754Z"}
{"level":"info","message":"GET /css/style.css 304 - 5ms","timestamp":"2026-04-29T10:41:34.755Z"}
{"level":"info","message":"GET /css/layout.css 304 - 6ms","timestamp":"2026-04-29T10:41:34.756Z"}
{"level":"info","message":"GET /css/forms.css 304 - 7ms","timestamp":"2026-04-29T10:41:34.757Z"}
{"level":"info","message":"GET /css/tables.css 304 - 7ms","timestamp":"2026-04-29T10:41:34.759Z"}
{"level":"info","message":"GET /css/components.css 304 - 9ms","timestamp":"2026-04-29T10:41:34.760Z"}
{"level":"info","message":"GET /css/ppt.css 304 - 2ms","timestamp":"2026-04-29T10:41:34.763Z"}
{"level":"info","message":"GET /css/pages.css 304 - 3ms","timestamp":"2026-04-29T10:41:34.764Z"}
{"level":"info","message":"GET /css/utilities.css 304 - 3ms","timestamp":"2026-04-29T10:41:34.765Z"}
{"level":"info","message":"GET /.well-known/appspecific/com.chrome.devtools.json 200 - 8ms","timestamp":"2026-04-29T10:41:34.798Z"}
{"level":"error","message":"POST /api/deals 400 - 4775ms","timestamp":"2026-04-29T10:41:45.886Z"}
{"level":"error","message":"POST /api/deals 400 - 4801ms","timestamp":"2026-04-29T10:41:45.940Z"}
{"level":"error","message":"POST /api/deals 400 - 5002ms","timestamp":"2026-04-29T10:41:47.732Z"}
{"level":"error","message":"POST /api/deals 400 - 5082ms","timestamp":"2026-04-29T10:41:47.828Z"}
{"level":"error","message":"POST /api/deals 400 - 4791ms","timestamp":"2026-04-29T10:41:49.680Z"}
{"level":"error","message":"POST /api/deals 400 - 4826ms","timestamp":"2026-04-29T10:41:49.766Z"}
{"level":"error","message":"POST /api/deals 400 - 4547ms","timestamp":"2026-04-29T10:41:50.449Z"}
{"level":"error","message":"POST /api/deals 400 - 4438ms","timestamp":"2026-04-29T10:41:50.501Z"}
{"level":"error","message":"POST /api/deals 400 - 3576ms","timestamp":"2026-04-29T10:41:51.316Z"}
{"level":"error","message":"POST /api/deals 400 - 3620ms","timestamp":"2026-04-29T10:41:51.455Z"}
{"level":"info","message":"GET / 304 - 17ms","timestamp":"2026-04-29T10:43:30.082Z"}
{"level":"info","message":"GET /css/style.css 304 - 8ms","timestamp":"2026-04-29T10:43:37.654Z"}
{"level":"info","message":"GET /js/main.js 304 - 49ms","timestamp":"2026-04-29T10:43:37.725Z"}
{"level":"info","message":"GET /js/main.js 200 - 8ms","timestamp":"2026-04-29T10:43:37.884Z"}
{"level":"info","message":"GET /pages/new-deal.html 304 - 2ms","timestamp":"2026-04-29T10:43:38.198Z"}
{"level":"info","message":"GET /pages/records.html 304 - 7ms","timestamp":"2026-04-29T10:43:38.209Z"}
{"level":"info","message":"GET /pages/summary.html 304 - 8ms","timestamp":"2026-04-29T10:43:38.211Z"}
{"level":"info","message":"GET /pages/health.html 304 - 6ms","timestamp":"2026-04-29T10:43:38.214Z"}
{"level":"info","message":"GET /favicon.ico 304 - 3ms","timestamp":"2026-04-29T10:43:38.424Z"}
{"level":"info","message":"GET /api/deals 304 - 158ms","timestamp":"2026-04-29T10:43:38.594Z"}
{"level":"info","message":"GET / 304 - 3ms","timestamp":"2026-04-29T10:43:42.289Z"}
{"level":"info","message":"GET /css/style.css 304 - 2ms","timestamp":"2026-04-29T10:43:42.313Z"}
{"level":"info","message":"GET /js/main.js 304 - 3ms","timestamp":"2026-04-29T10:43:42.315Z"}
{"level":"info","message":"GET /css/base.css 304 - 2ms","timestamp":"2026-04-29T10:43:42.330Z"}
{"level":"info","message":"GET /css/layout.css 304 - 4ms","timestamp":"2026-04-29T10:43:42.333Z"}
{"level":"info","message":"GET /css/components.css 304 - 3ms","timestamp":"2026-04-29T10:43:42.334Z"}
{"level":"info","message":"GET /css/forms.css 304 - 4ms","timestamp":"2026-04-29T10:43:42.336Z"}
{"level":"info","message":"GET /css/tables.css 304 - 1ms","timestamp":"2026-04-29T10:43:42.338Z"}
{"level":"info","message":"GET /css/pages.css 304 - 4ms","timestamp":"2026-04-29T10:43:42.343Z"}
{"level":"info","message":"GET /css/ppt.css 304 - 5ms","timestamp":"2026-04-29T10:43:42.346Z"}
{"level":"info","message":"GET /css/utilities.css 304 - 1ms","timestamp":"2026-04-29T10:43:42.348Z"}
{"level":"info","message":"GET /js/helpers.js 304 - 2ms","timestamp":"2026-04-29T10:43:42.587Z"}
{"level":"info","message":"GET /js/dealForm.js 304 - 3ms","timestamp":"2026-04-29T10:43:42.588Z"}
{"level":"info","message":"GET /js/ppt.js 304 - 4ms","timestamp":"2026-04-29T10:43:42.590Z"}
{"level":"info","message":"GET /js/records.js 304 - 2ms","timestamp":"2026-04-29T10:43:42.591Z"}
{"level":"info","message":"GET /js/summary.js 304 - 7ms","timestamp":"2026-04-29T10:43:42.596Z"}
{"level":"info","message":"GET /js/health.js 304 - 2ms","timestamp":"2026-04-29T10:43:42.600Z"}
{"level":"info","message":"GET /js/ui.js 304 - 1ms","timestamp":"2026-04-29T10:43:42.601Z"}
{"level":"info","message":"GET /components/topbar.html 304 - 4ms","timestamp":"2026-04-29T10:43:42.615Z"}
{"level":"info","message":"GET /components/sidebar.html 304 - 3ms","timestamp":"2026-04-29T10:43:42.616Z"}
{"level":"info","message":"GET /pages/new-deal.html 304 - 3ms","timestamp":"2026-04-29T10:43:42.631Z"}
{"level":"info","message":"GET /pages/records.html 304 - 3ms","timestamp":"2026-04-29T10:43:42.632Z"}
{"level":"info","message":"GET /pages/summary.html 304 - 3ms","timestamp":"2026-04-29T10:43:42.633Z"}
{"level":"info","message":"GET /pages/health.html 304 - 4ms","timestamp":"2026-04-29T10:43:42.635Z"}
{"level":"info","message":"GET /api/deals 304 - 15ms","timestamp":"2026-04-29T10:43:42.671Z"}
{"level":"info","message":"GET /favicon.ico 304 - 2ms","timestamp":"2026-04-29T10:43:42.713Z"}
{"level":"info","message":"GET /css/style.css 304 - 3ms","timestamp":"2026-04-29T10:44:16.140Z"}
{"level":"info","message":"GET /css/base.css 304 - 5ms","timestamp":"2026-04-29T10:44:16.143Z"}
{"level":"info","message":"GET /css/layout.css 304 - 2ms","timestamp":"2026-04-29T10:44:16.148Z"}
{"level":"info","message":"GET /css/components.css 304 - 6ms","timestamp":"2026-04-29T10:44:16.157Z"}
{"level":"info","message":"GET /css/forms.css 304 - 5ms","timestamp":"2026-04-29T10:44:16.158Z"}
{"level":"info","message":"GET /css/tables.css 304 - 5ms","timestamp":"2026-04-29T10:44:16.160Z"}
{"level":"info","message":"GET /css/ppt.css 304 - 2ms","timestamp":"2026-04-29T10:44:16.164Z"}
{"level":"info","message":"GET /css/pages.css 304 - 4ms","timestamp":"2026-04-29T10:44:16.166Z"}
{"level":"info","message":"GET /css/utilities.css 304 - 1ms","timestamp":"2026-04-29T10:44:16.170Z"}
{"level":"info","message":"GET /.well-known/appspecific/com.chrome.devtools.json 304 - 4ms","timestamp":"2026-04-29T10:44:16.198Z"}
{"level":"info","message":"POST /api/deals 201 - 195ms","timestamp":"2026-04-29T10:44:41.334Z"}
{"level":"info","message":"POST /api/deals 201 - 54ms","timestamp":"2026-04-29T10:44:41.366Z"}
{"level":"info","message":"GET /api/deals 200 - 62ms","timestamp":"2026-04-29T10:44:44.809Z"}
{"level":"info","message":"GET /api/deals 304 - 63ms","timestamp":"2026-04-29T10:44:44.884Z"}
{"level":"info","message":"DELETE /api/deals/69f1e119559579db1971d6a0 200 - 64ms","timestamp":"2026-04-29T10:45:00.727Z"}
{"level":"info","message":"GET /api/deals 200 - 17ms","timestamp":"2026-04-29T10:45:00.750Z"}
{"level":"info","message":"DELETE /api/deals/69f1e119559579db1971d69f 200 - 8ms","timestamp":"2026-04-29T10:45:03.052Z"}
{"level":"info","message":"GET /api/deals 200 - 15ms","timestamp":"2026-04-29T10:45:03.074Z"}
{"level":"info","message":"GET / 304 - 31ms","timestamp":"2026-04-29T10:48:12.170Z"}
{"level":"info","message":"GET /css/style.css 304 - 11ms","timestamp":"2026-04-29T10:48:12.473Z"}
{"level":"info","message":"GET /css/base.css 304 - 23ms","timestamp":"2026-04-29T10:48:12.565Z"}
{"level":"info","message":"GET /css/layout.css 304 - 16ms","timestamp":"2026-04-29T10:48:12.567Z"}
{"level":"info","message":"GET /css/components.css 304 - 12ms","timestamp":"2026-04-29T10:48:12.568Z"}
{"level":"info","message":"GET /css/forms.css 304 - 14ms","timestamp":"2026-04-29T10:48:12.570Z"}
{"level":"info","message":"GET /css/tables.css 304 - 38ms","timestamp":"2026-04-29T10:48:12.595Z"}
{"level":"info","message":"GET /js/main.js 200 - 127ms","timestamp":"2026-04-29T10:48:12.604Z"}
{"level":"info","message":"GET /css/pages.css 304 - 9ms","timestamp":"2026-04-29T10:48:12.615Z"}
{"level":"info","message":"GET /css/ppt.css 304 - 9ms","timestamp":"2026-04-29T10:48:12.619Z"}
{"level":"info","message":"GET /css/utilities.css 304 - 11ms","timestamp":"2026-04-29T10:48:12.622Z"}
{"level":"info","message":"GET /js/records.js 304 - 4ms","timestamp":"2026-04-29T10:48:12.930Z"}
{"level":"info","message":"GET /js/helpers.js 304 - 10ms","timestamp":"2026-04-29T10:48:12.937Z"}
{"level":"info","message":"GET /js/ppt.js 304 - 14ms","timestamp":"2026-04-29T10:48:12.941Z"}
{"level":"info","message":"GET /js/summary.js 304 - 21ms","timestamp":"2026-04-29T10:48:12.949Z"}
{"level":"info","message":"GET /js/health.js 304 - 7ms","timestamp":"2026-04-29T10:48:12.957Z"}
{"level":"info","message":"GET /js/ui.js 304 - 6ms","timestamp":"2026-04-29T10:48:12.966Z"}
{"level":"info","message":"GET /js/dealForm.js 200 - 44ms","timestamp":"2026-04-29T10:48:12.972Z"}
{"level":"info","message":"GET /components/topbar.html 304 - 80ms","timestamp":"2026-04-29T10:48:13.070Z"}
{"level":"info","message":"GET /components/sidebar.html 304 - 14ms","timestamp":"2026-04-29T10:48:13.072Z"}
{"level":"info","message":"GET /favicon.ico 304 - 75ms","timestamp":"2026-04-29T10:48:13.153Z"}
{"level":"info","message":"GET /pages/summary.html 304 - 65ms","timestamp":"2026-04-29T10:48:13.190Z"}
{"level":"info","message":"GET /pages/health.html 304 - 60ms","timestamp":"2026-04-29T10:48:13.202Z"}
{"level":"info","message":"GET /pages/new-deal.html 200 - 148ms","timestamp":"2026-04-29T10:48:13.268Z"}
{"level":"info","message":"GET /pages/records.html 200 - 152ms","timestamp":"2026-04-29T10:48:13.276Z"}
{"level":"info","message":"GET /api/deals 304 - 282ms","timestamp":"2026-04-29T10:48:13.686Z"}
{"level":"info","message":"POST /api/deals 201 - 1441ms","timestamp":"2026-04-29T10:49:19.420Z"}
{"level":"info","message":"GET /api/deals 200 - 28ms","timestamp":"2026-04-29T10:49:22.517Z"}
{"level":"info","message":"GET / 304 - 223ms","timestamp":"2026-04-29T10:54:21.565Z"}
{"level":"info","message":"GET /css/style.css 304 - 5ms","timestamp":"2026-04-29T10:54:21.646Z"}
{"level":"info","message":"GET /js/main.js 304 - 2ms","timestamp":"2026-04-29T10:54:21.650Z"}
{"level":"info","message":"GET /css/base.css 304 - 14ms","timestamp":"2026-04-29T10:54:21.667Z"}
{"level":"info","message":"GET /css/layout.css 304 - 21ms","timestamp":"2026-04-29T10:54:21.687Z"}
{"level":"info","message":"GET /css/components.css 304 - 7ms","timestamp":"2026-04-29T10:54:21.688Z"}
{"level":"info","message":"GET /css/forms.css 304 - 6ms","timestamp":"2026-04-29T10:54:21.689Z"}
{"level":"info","message":"GET /css/tables.css 304 - 8ms","timestamp":"2026-04-29T10:54:21.691Z"}
{"level":"info","message":"GET /css/pages.css 304 - 8ms","timestamp":"2026-04-29T10:54:21.694Z"}
{"level":"info","message":"GET /css/ppt.css 304 - 7ms","timestamp":"2026-04-29T10:54:21.699Z"}
{"level":"info","message":"GET /css/utilities.css 304 - 3ms","timestamp":"2026-04-29T10:54:21.703Z"}
{"level":"info","message":"GET /js/helpers.js 304 - 3ms","timestamp":"2026-04-29T10:54:21.988Z"}
{"level":"info","message":"GET /js/records.js 304 - 7ms","timestamp":"2026-04-29T10:54:21.995Z"}
{"level":"info","message":"GET /js/dealForm.js 304 - 6ms","timestamp":"2026-04-29T10:54:21.997Z"}
{"level":"info","message":"GET /js/ppt.js 304 - 7ms","timestamp":"2026-04-29T10:54:21.999Z"}
{"level":"info","message":"GET /js/summary.js 304 - 11ms","timestamp":"2026-04-29T10:54:22.003Z"}
{"level":"info","message":"GET /js/health.js 304 - 5ms","timestamp":"2026-04-29T10:54:22.005Z"}
{"level":"info","message":"GET /js/ui.js 200 - 23ms","timestamp":"2026-04-29T10:54:22.024Z"}
{"level":"info","message":"GET /components/topbar.html 304 - 3ms","timestamp":"2026-04-29T10:54:22.043Z"}
{"level":"info","message":"GET /components/sidebar.html 304 - 6ms","timestamp":"2026-04-29T10:54:22.049Z"}
{"level":"info","message":"GET /pages/new-deal.html 304 - 1ms","timestamp":"2026-04-29T10:54:22.071Z"}
{"level":"info","message":"GET /pages/records.html 304 - 4ms","timestamp":"2026-04-29T10:54:22.074Z"}
{"level":"info","message":"GET /pages/summary.html 304 - 10ms","timestamp":"2026-04-29T10:54:22.081Z"}
{"level":"info","message":"GET /pages/health.html 304 - 13ms","timestamp":"2026-04-29T10:54:22.093Z"}
{"level":"info","message":"GET /favicon.ico 304 - 6ms","timestamp":"2026-04-29T10:54:22.310Z"}
{"level":"info","message":"GET /api/deals 304 - 114ms","timestamp":"2026-04-29T10:54:22.493Z"}
{"level":"info","message":"POST /api/deals 201 - 143ms","timestamp":"2026-04-29T10:56:55.420Z"}
{"level":"info","message":"GET /api/deals 200 - 50ms","timestamp":"2026-04-29T10:56:57.489Z"}
{"level":"info","message":"PUT /api/deals/69f1e3f7559579db1971d6a2 200 - 279ms","timestamp":"2026-04-29T10:58:59.549Z"}
{"level":"info","message":"GET /api/deals 200 - 39ms","timestamp":"2026-04-29T10:59:01.433Z"}
{"level":"info","message":"GET / 304 - 21ms","timestamp":"2026-04-29T10:59:40.802Z"}
{"level":"info","message":"GET /css/style.css 304 - 12ms","timestamp":"2026-04-29T10:59:41.235Z"}
{"level":"info","message":"GET /js/main.js 304 - 11ms","timestamp":"2026-04-29T10:59:41.242Z"}
{"level":"info","message":"GET /css/base.css 304 - 17ms","timestamp":"2026-04-29T10:59:41.310Z"}
{"level":"info","message":"GET /css/layout.css 304 - 27ms","timestamp":"2026-04-29T10:59:41.322Z"}
{"level":"info","message":"GET /css/components.css 304 - 25ms","timestamp":"2026-04-29T10:59:41.349Z"}
{"level":"info","message":"GET /css/forms.css 304 - 27ms","timestamp":"2026-04-29T10:59:41.351Z"}
{"level":"info","message":"GET /css/tables.css 304 - 9ms","timestamp":"2026-04-29T10:59:41.355Z"}
{"level":"info","message":"GET /css/pages.css 304 - 10ms","timestamp":"2026-04-29T10:59:41.357Z"}
{"level":"info","message":"GET /css/ppt.css 304 - 5ms","timestamp":"2026-04-29T10:59:41.363Z"}
{"level":"info","message":"GET /css/utilities.css 304 - 5ms","timestamp":"2026-04-29T10:59:41.364Z"}
{"level":"info","message":"GET /js/helpers.js 304 - 2ms","timestamp":"2026-04-29T10:59:41.613Z"}
{"level":"info","message":"GET /js/dealForm.js 304 - 5ms","timestamp":"2026-04-29T10:59:41.617Z"}
{"level":"info","message":"GET /js/ppt.js 304 - 11ms","timestamp":"2026-04-29T10:59:41.623Z"}
{"level":"info","message":"GET /js/records.js 304 - 14ms","timestamp":"2026-04-29T10:59:41.627Z"}
{"level":"info","message":"GET /js/summary.js 304 - 4ms","timestamp":"2026-04-29T10:59:41.628Z"}
{"level":"info","message":"GET /js/health.js 304 - 4ms","timestamp":"2026-04-29T10:59:41.630Z"}
{"level":"info","message":"GET /js/ui.js 304 - 1ms","timestamp":"2026-04-29T10:59:41.640Z"}
{"level":"info","message":"GET /components/sidebar.html 304 - 4ms","timestamp":"2026-04-29T10:59:41.654Z"}
{"level":"info","message":"GET /components/topbar.html 304 - 7ms","timestamp":"2026-04-29T10:59:41.656Z"}
{"level":"info","message":"GET /pages/new-deal.html 304 - 5ms","timestamp":"2026-04-29T10:59:41.673Z"}
{"level":"info","message":"GET /pages/records.html 304 - 5ms","timestamp":"2026-04-29T10:59:41.674Z"}
{"level":"info","message":"GET /pages/summary.html 304 - 5ms","timestamp":"2026-04-29T10:59:41.675Z"}
{"level":"info","message":"GET /pages/health.html 304 - 6ms","timestamp":"2026-04-29T10:59:41.677Z"}
{"level":"info","message":"GET /favicon.ico 304 - 8ms","timestamp":"2026-04-29T10:59:41.679Z"}
{"level":"info","message":"GET /api/deals 304 - 35ms","timestamp":"2026-04-29T10:59:41.974Z"}
{"level":"info","message":"GET / 304 - 45ms","timestamp":"2026-04-29T11:07:43.617Z"}
{"level":"info","message":"GET /css/style.css 304 - 38ms","timestamp":"2026-04-29T11:07:43.856Z"}
{"level":"info","message":"GET /js/main.js 304 - 39ms","timestamp":"2026-04-29T11:07:43.861Z"}
{"level":"info","message":"GET /css/layout.css 304 - 7ms","timestamp":"2026-04-29T11:07:43.880Z"}
{"level":"info","message":"GET /css/components.css 304 - 5ms","timestamp":"2026-04-29T11:07:43.883Z"}
{"level":"info","message":"GET /css/base.css 304 - 41ms","timestamp":"2026-04-29T11:07:43.921Z"}
{"level":"info","message":"GET /css/forms.css 304 - 29ms","timestamp":"2026-04-29T11:07:43.925Z"}
{"level":"info","message":"GET /css/tables.css 304 - 29ms","timestamp":"2026-04-29T11:07:43.928Z"}
{"level":"info","message":"GET /css/pages.css 304 - 14ms","timestamp":"2026-04-29T11:07:43.934Z"}
{"level":"info","message":"GET /css/ppt.css 304 - 16ms","timestamp":"2026-04-29T11:07:43.947Z"}
{"level":"info","message":"GET /css/utilities.css 304 - 16ms","timestamp":"2026-04-29T11:07:43.948Z"}
{"level":"info","message":"GET /js/helpers.js 304 - 2ms","timestamp":"2026-04-29T11:07:44.166Z"}
{"level":"info","message":"GET /js/ppt.js 304 - 13ms","timestamp":"2026-04-29T11:07:44.179Z"}
{"level":"info","message":"GET /js/records.js 304 - 3ms","timestamp":"2026-04-29T11:07:44.180Z"}
{"level":"info","message":"GET /js/dealForm.js 200 - 23ms","timestamp":"2026-04-29T11:07:44.188Z"}
{"level":"info","message":"GET /js/summary.js 304 - 7ms","timestamp":"2026-04-29T11:07:44.191Z"}
{"level":"info","message":"GET /js/health.js 304 - 9ms","timestamp":"2026-04-29T11:07:44.193Z"}
{"level":"info","message":"GET /js/ui.js 200 - 14ms","timestamp":"2026-04-29T11:07:44.198Z"}
{"level":"info","message":"GET /components/topbar.html 304 - 1ms","timestamp":"2026-04-29T11:07:44.207Z"}
{"level":"info","message":"GET /components/sidebar.html 304 - 1ms","timestamp":"2026-04-29T11:07:44.208Z"}
{"level":"info","message":"GET /pages/records.html 304 - 3ms","timestamp":"2026-04-29T11:07:44.223Z"}
{"level":"info","message":"GET /pages/summary.html 304 - 4ms","timestamp":"2026-04-29T11:07:44.225Z"}
{"level":"info","message":"GET /pages/health.html 304 - 5ms","timestamp":"2026-04-29T11:07:44.226Z"}
{"level":"info","message":"GET /pages/new-deal.html 200 - 11ms","timestamp":"2026-04-29T11:07:44.231Z"}
{"level":"info","message":"GET /favicon.ico 304 - 3ms","timestamp":"2026-04-29T11:07:44.448Z"}
{"level":"info","message":"GET /api/deals 304 - 141ms","timestamp":"2026-04-29T11:07:44.625Z"}
{"level":"info","message":"GET / 304 - 41ms","timestamp":"2026-04-29T11:13:35.892Z"}
{"level":"info","message":"GET /css/style.css 304 - 3ms","timestamp":"2026-04-29T11:13:36.040Z"}
{"level":"info","message":"GET /js/main.js 304 - 13ms","timestamp":"2026-04-29T11:13:36.054Z"}
{"level":"info","message":"GET /css/layout.css 304 - 7ms","timestamp":"2026-04-29T11:13:36.083Z"}
{"level":"info","message":"GET /css/pages.css 304 - 25ms","timestamp":"2026-04-29T11:13:36.102Z"}
{"level":"info","message":"GET /css/components.css 304 - 5ms","timestamp":"2026-04-29T11:13:36.123Z"}
{"level":"info","message":"GET /css/base.css 304 - 21ms","timestamp":"2026-04-29T11:13:36.139Z"}
{"level":"info","message":"GET /css/utilities.css 304 - 21ms","timestamp":"2026-04-29T11:13:36.141Z"}
{"level":"info","message":"GET /css/forms.css 304 - 45ms","timestamp":"2026-04-29T11:13:36.167Z"}
{"level":"info","message":"GET /css/ppt.css 304 - 55ms","timestamp":"2026-04-29T11:13:36.176Z"}
{"level":"info","message":"GET /css/tables.css 200 - 99ms","timestamp":"2026-04-29T11:13:36.187Z"}
{"level":"info","message":"GET /js/helpers.js 304 - 1ms","timestamp":"2026-04-29T11:13:36.435Z"}
{"level":"info","message":"GET /js/ppt.js 304 - 2ms","timestamp":"2026-04-29T11:13:36.438Z"}
{"level":"info","message":"GET /js/health.js 304 - 3ms","timestamp":"2026-04-29T11:13:36.443Z"}
{"level":"info","message":"GET /js/dealForm.js 200 - 10ms","timestamp":"2026-04-29T11:13:36.445Z"}
{"level":"info","message":"GET /js/records.js 200 - 11ms","timestamp":"2026-04-29T11:13:36.448Z"}
{"level":"info","message":"GET /js/summary.js 200 - 10ms","timestamp":"2026-04-29T11:13:36.450Z"}
{"level":"info","message":"GET /js/ui.js 200 - 13ms","timestamp":"2026-04-29T11:13:36.453Z"}
{"level":"info","message":"GET /components/sidebar.html 304 - 5ms","timestamp":"2026-04-29T11:13:36.469Z"}
{"level":"info","message":"GET /components/topbar.html 304 - 6ms","timestamp":"2026-04-29T11:13:36.470Z"}
{"level":"info","message":"GET /pages/records.html 304 - 2ms","timestamp":"2026-04-29T11:13:36.484Z"}
{"level":"info","message":"GET /pages/summary.html 304 - 4ms","timestamp":"2026-04-29T11:13:36.487Z"}
{"level":"info","message":"GET /pages/health.html 304 - 4ms","timestamp":"2026-04-29T11:13:36.489Z"}
{"level":"info","message":"GET /pages/new-deal.html 200 - 11ms","timestamp":"2026-04-29T11:13:36.493Z"}
{"level":"info","message":"GET /favicon.ico 304 - 106ms","timestamp":"2026-04-29T11:13:36.814Z"}
{"level":"info","message":"GET /api/deals 304 - 166ms","timestamp":"2026-04-29T11:13:36.918Z"}
{"level":"info","message":"PUT /api/deals/69f1e3f7559579db1971d6a2 200 - 151ms","timestamp":"2026-04-29T11:13:55.788Z"}
{"level":"info","message":"GET /api/deals 200 - 35ms","timestamp":"2026-04-29T11:13:57.830Z"}
{"level":"info","message":"POST /api/deals 201 - 76ms","timestamp":"2026-04-29T11:15:46.364Z"}
{"level":"info","message":"GET /api/deals 200 - 50ms","timestamp":"2026-04-29T11:15:48.046Z"}
{"level":"info","message":"GET / 304 - 5ms","timestamp":"2026-04-29T11:16:40.208Z"}
{"level":"info","message":"GET /css/style.css 304 - 29ms","timestamp":"2026-04-29T11:16:40.604Z"}
{"level":"info","message":"GET /js/main.js 304 - 31ms","timestamp":"2026-04-29T11:16:40.636Z"}
{"level":"info","message":"GET /css/layout.css 304 - 7ms","timestamp":"2026-04-29T11:16:40.660Z"}
{"level":"info","message":"GET /css/base.css 304 - 4ms","timestamp":"2026-04-29T11:16:40.663Z"}
{"level":"info","message":"GET /css/components.css 304 - 6ms","timestamp":"2026-04-29T11:16:40.664Z"}
{"level":"info","message":"GET /css/tables.css 304 - 7ms","timestamp":"2026-04-29T11:16:40.666Z"}
{"level":"info","message":"GET /css/forms.css 304 - 11ms","timestamp":"2026-04-29T11:16:40.670Z"}
{"level":"info","message":"GET /css/pages.css 304 - 3ms","timestamp":"2026-04-29T11:16:40.675Z"}
{"level":"info","message":"GET /css/ppt.css 304 - 5ms","timestamp":"2026-04-29T11:16:40.681Z"}
{"level":"info","message":"GET /css/utilities.css 304 - 5ms","timestamp":"2026-04-29T11:16:40.683Z"}
{"level":"info","message":"GET /js/helpers.js 304 - 4ms","timestamp":"2026-04-29T11:16:40.938Z"}
{"level":"info","message":"GET /js/dealForm.js 304 - 4ms","timestamp":"2026-04-29T11:16:40.939Z"}
{"level":"info","message":"GET /js/ppt.js 304 - 5ms","timestamp":"2026-04-29T11:16:40.941Z"}
{"level":"info","message":"GET /js/records.js 304 - 9ms","timestamp":"2026-04-29T11:16:40.945Z"}
{"level":"info","message":"GET /js/health.js 304 - 7ms","timestamp":"2026-04-29T11:16:40.949Z"}
{"level":"info","message":"GET /js/summary.js 304 - 7ms","timestamp":"2026-04-29T11:16:40.950Z"}
{"level":"info","message":"GET /js/ui.js 304 - 2ms","timestamp":"2026-04-29T11:16:40.953Z"}
{"level":"info","message":"GET /components/sidebar.html 304 - 1ms","timestamp":"2026-04-29T11:16:40.964Z"}
{"level":"info","message":"GET /components/topbar.html 304 - 3ms","timestamp":"2026-04-29T11:16:40.966Z"}
{"level":"info","message":"GET /favicon.ico 304 - 2ms","timestamp":"2026-04-29T11:16:40.972Z"}
{"level":"info","message":"GET /pages/new-deal.html 304 - 2ms","timestamp":"2026-04-29T11:16:40.976Z"}
{"level":"info","message":"GET /pages/records.html 304 - 2ms","timestamp":"2026-04-29T11:16:40.977Z"}
{"level":"info","message":"GET /pages/summary.html 304 - 6ms","timestamp":"2026-04-29T11:16:40.981Z"}
{"level":"info","message":"GET /pages/health.html 304 - 2ms","timestamp":"2026-04-29T11:16:40.984Z"}
{"level":"info","message":"GET /api/deals 304 - 16ms","timestamp":"2026-04-29T11:16:41.009Z"}
{"level":"info","message":"GET / 304 - 50ms","timestamp":"2026-04-29T11:21:24.616Z"}
{"level":"info","message":"GET /css/style.css 304 - 33ms","timestamp":"2026-04-29T11:21:24.927Z"}
{"level":"info","message":"GET /js/main.js 304 - 9ms","timestamp":"2026-04-29T11:21:24.929Z"}
{"level":"info","message":"GET /css/base.css 304 - 4ms","timestamp":"2026-04-29T11:21:24.947Z"}
{"level":"info","message":"GET /css/layout.css 304 - 33ms","timestamp":"2026-04-29T11:21:24.977Z"}
{"level":"info","message":"GET /css/components.css 304 - 31ms","timestamp":"2026-04-29T11:21:24.984Z"}
{"level":"info","message":"GET /css/forms.css 304 - 31ms","timestamp":"2026-04-29T11:21:24.989Z"}
{"level":"info","message":"GET /css/tables.css 304 - 16ms","timestamp":"2026-04-29T11:21:25.008Z"}
{"level":"info","message":"GET /css/pages.css 304 - 10ms","timestamp":"2026-04-29T11:21:25.014Z"}
{"level":"info","message":"GET /css/ppt.css 304 - 15ms","timestamp":"2026-04-29T11:21:25.020Z"}
{"level":"info","message":"GET /css/utilities.css 304 - 33ms","timestamp":"2026-04-29T11:21:25.039Z"}
{"level":"info","message":"GET /js/helpers.js 304 - 2ms","timestamp":"2026-04-29T11:21:25.309Z"}
{"level":"info","message":"GET /js/ppt.js 304 - 10ms","timestamp":"2026-04-29T11:21:25.318Z"}
{"level":"info","message":"GET /js/records.js 304 - 5ms","timestamp":"2026-04-29T11:21:25.322Z"}
{"level":"info","message":"GET /js/dealForm.js 200 - 20ms","timestamp":"2026-04-29T11:21:25.328Z"}
{"level":"info","message":"GET /js/summary.js 304 - 8ms","timestamp":"2026-04-29T11:21:25.331Z"}
{"level":"info","message":"GET /js/health.js 304 - 8ms","timestamp":"2026-04-29T11:21:25.332Z"}
{"level":"info","message":"GET /js/ui.js 304 - 10ms","timestamp":"2026-04-29T11:21:25.336Z"}
{"level":"info","message":"GET /components/topbar.html 304 - 3ms","timestamp":"2026-04-29T11:21:25.358Z"}
{"level":"info","message":"GET /components/sidebar.html 304 - 4ms","timestamp":"2026-04-29T11:21:25.360Z"}
{"level":"info","message":"GET /pages/new-deal.html 304 - 1ms","timestamp":"2026-04-29T11:21:25.372Z"}
{"level":"info","message":"GET /pages/records.html 304 - 2ms","timestamp":"2026-04-29T11:21:25.375Z"}
{"level":"info","message":"GET /pages/summary.html 304 - 4ms","timestamp":"2026-04-29T11:21:25.379Z"}
{"level":"info","message":"GET /pages/health.html 304 - 6ms","timestamp":"2026-04-29T11:21:25.380Z"}
{"level":"info","message":"GET /favicon.ico 304 - 7ms","timestamp":"2026-04-29T11:21:25.601Z"}
{"level":"info","message":"GET /api/deals 304 - 162ms","timestamp":"2026-04-29T11:21:25.794Z"}
{"level":"info","message":"GET / 304 - 39ms","timestamp":"2026-04-29T11:41:25.908Z"}
{"level":"info","message":"GET /css/style.css 304 - 82ms","timestamp":"2026-04-29T11:41:26.159Z"}
{"level":"info","message":"GET /js/main.js 304 - 37ms","timestamp":"2026-04-29T11:41:26.173Z"}
{"level":"info","message":"GET /css/base.css 304 - 9ms","timestamp":"2026-04-29T11:41:26.183Z"}
{"level":"info","message":"GET /css/layout.css 304 - 9ms","timestamp":"2026-04-29T11:41:26.191Z"}
{"level":"info","message":"GET /css/tables.css 304 - 7ms","timestamp":"2026-04-29T11:41:26.198Z"}
{"level":"info","message":"GET /css/forms.css 304 - 12ms","timestamp":"2026-04-29T11:41:26.208Z"}
{"level":"info","message":"GET /css/pages.css 304 - 28ms","timestamp":"2026-04-29T11:41:26.227Z"}
{"level":"info","message":"GET /css/components.css 304 - 32ms","timestamp":"2026-04-29T11:41:26.238Z"}
{"level":"info","message":"GET /css/ppt.css 304 - 8ms","timestamp":"2026-04-29T11:41:26.248Z"}
{"level":"info","message":"GET /css/utilities.css 304 - 12ms","timestamp":"2026-04-29T11:41:26.256Z"}
{"level":"info","message":"GET /js/helpers.js 304 - 1ms","timestamp":"2026-04-29T11:41:26.456Z"}
{"level":"info","message":"GET /js/ppt.js 304 - 2ms","timestamp":"2026-04-29T11:41:26.457Z"}
{"level":"info","message":"GET /js/records.js 304 - 7ms","timestamp":"2026-04-29T11:41:26.462Z"}
{"level":"info","message":"GET /js/summary.js 304 - 10ms","timestamp":"2026-04-29T11:41:26.465Z"}
{"level":"info","message":"GET /js/health.js 304 - 10ms","timestamp":"2026-04-29T11:41:26.467Z"}
{"level":"info","message":"GET /js/dealForm.js 200 - 21ms","timestamp":"2026-04-29T11:41:26.471Z"}
{"level":"info","message":"GET /js/ui.js 304 - 2ms","timestamp":"2026-04-29T11:41:26.474Z"}
{"level":"info","message":"GET /components/topbar.html 304 - 2ms","timestamp":"2026-04-29T11:41:26.485Z"}
{"level":"info","message":"GET /components/sidebar.html 304 - 4ms","timestamp":"2026-04-29T11:41:26.487Z"}
{"level":"info","message":"GET /pages/records.html 304 - 1ms","timestamp":"2026-04-29T11:41:26.495Z"}
{"level":"info","message":"GET /pages/summary.html 304 - 2ms","timestamp":"2026-04-29T11:41:26.497Z"}
{"level":"info","message":"GET /pages/health.html 304 - 2ms","timestamp":"2026-04-29T11:41:26.498Z"}
{"level":"info","message":"GET /pages/new-deal.html 200 - 4ms","timestamp":"2026-04-29T11:41:26.499Z"}
{"level":"info","message":"GET /favicon.ico 304 - 2ms","timestamp":"2026-04-29T11:41:26.647Z"}
{"level":"info","message":"GET /api/deals 304 - 211ms","timestamp":"2026-04-29T11:41:26.878Z"}
{"level":"info","message":"POST /api/deals 201 - 40ms","timestamp":"2026-04-29T11:43:40.892Z"}
{"level":"info","message":"GET /api/deals 200 - 11ms","timestamp":"2026-04-29T11:43:42.430Z"}
{"level":"info","message":"PUT /api/deals/69f1e862559579db1971d6a3 200 - 74ms","timestamp":"2026-04-29T11:45:49.967Z"}
{"level":"info","message":"GET /api/deals 200 - 14ms","timestamp":"2026-04-29T11:45:51.409Z"}
{"level":"info","message":"GET / 304 - 18ms","timestamp":"2026-04-29T11:49:04.890Z"}
{"level":"info","message":"GET /css/style.css 304 - 18ms","timestamp":"2026-04-29T11:49:05.042Z"}
{"level":"info","message":"GET /js/main.js 304 - 8ms","timestamp":"2026-04-29T11:49:05.045Z"}
{"level":"info","message":"GET /css/base.css 304 - 1ms","timestamp":"2026-04-29T11:49:05.061Z"}
{"level":"info","message":"GET /css/layout.css 304 - 1ms","timestamp":"2026-04-29T11:49:05.062Z"}
{"level":"info","message":"GET /css/components.css 304 - 11ms","timestamp":"2026-04-29T11:49:05.078Z"}
{"level":"info","message":"GET /css/forms.css 304 - 9ms","timestamp":"2026-04-29T11:49:05.079Z"}
{"level":"info","message":"GET /css/tables.css 304 - 16ms","timestamp":"2026-04-29T11:49:05.088Z"}
{"level":"info","message":"GET /css/pages.css 304 - 15ms","timestamp":"2026-04-29T11:49:05.090Z"}
{"level":"info","message":"GET /css/ppt.css 304 - 5ms","timestamp":"2026-04-29T11:49:05.096Z"}
{"level":"info","message":"GET /css/utilities.css 304 - 5ms","timestamp":"2026-04-29T11:49:05.097Z"}
{"level":"info","message":"GET /js/dealForm.js 304 - 1ms","timestamp":"2026-04-29T11:49:05.259Z"}
{"level":"info","message":"GET /js/ppt.js 304 - 1ms","timestamp":"2026-04-29T11:49:05.259Z"}
{"level":"info","message":"GET /js/helpers.js 304 - 2ms","timestamp":"2026-04-29T11:49:05.260Z"}
{"level":"info","message":"GET /js/summary.js 304 - 4ms","timestamp":"2026-04-29T11:49:05.265Z"}
{"level":"info","message":"GET /js/health.js 304 - 5ms","timestamp":"2026-04-29T11:49:05.266Z"}
{"level":"info","message":"GET /js/ui.js 304 - 5ms","timestamp":"2026-04-29T11:49:05.267Z"}
{"level":"info","message":"GET /js/records.js 200 - 11ms","timestamp":"2026-04-29T11:49:05.271Z"}
{"level":"info","message":"GET /components/topbar.html 304 - 1ms","timestamp":"2026-04-29T11:49:05.278Z"}
{"level":"info","message":"GET /components/sidebar.html 304 - 2ms","timestamp":"2026-04-29T11:49:05.279Z"}
{"level":"info","message":"GET /pages/records.html 304 - 2ms","timestamp":"2026-04-29T11:49:05.286Z"}
{"level":"info","message":"GET /pages/new-deal.html 304 - 2ms","timestamp":"2026-04-29T11:49:05.287Z"}
{"level":"info","message":"GET /pages/health.html 304 - 1ms","timestamp":"2026-04-29T11:49:05.287Z"}
{"level":"info","message":"GET /pages/summary.html 304 - 5ms","timestamp":"2026-04-29T11:49:05.290Z"}
{"level":"info","message":"GET /favicon.ico 304 - 1ms","timestamp":"2026-04-29T11:49:05.394Z"}
{"level":"info","message":"GET /api/deals 304 - 50ms","timestamp":"2026-04-29T11:49:05.453Z"}
{"level":"info","message":"PUT /api/deals/69f1eeec559579db1971d6a4 200 - 37ms","timestamp":"2026-04-29T11:49:11.033Z"}
{"level":"info","message":"GET /api/deals 200 - 11ms","timestamp":"2026-04-29T11:49:12.334Z"}
{"level":"info","message":"POST /api/deals 201 - 31ms","timestamp":"2026-04-29T11:49:27.433Z"}
{"level":"info","message":"GET /api/deals 200 - 9ms","timestamp":"2026-04-29T11:49:28.943Z"}
{"level":"info","message":"GET / 304 - 39ms","timestamp":"2026-04-29T11:58:03.034Z"}
{"level":"info","message":"GET /css/style.css 304 - 10ms","timestamp":"2026-04-29T11:58:03.152Z"}
{"level":"info","message":"GET /js/main.js 304 - 79ms","timestamp":"2026-04-29T11:58:03.225Z"}
{"level":"info","message":"GET /css/base.css 304 - 10ms","timestamp":"2026-04-29T11:58:03.238Z"}
{"level":"info","message":"GET /css/layout.css 304 - 7ms","timestamp":"2026-04-29T11:58:03.240Z"}
{"level":"info","message":"GET /css/components.css 304 - 7ms","timestamp":"2026-04-29T11:58:03.242Z"}
{"level":"info","message":"GET /css/ppt.css 304 - 14ms","timestamp":"2026-04-29T11:58:03.251Z"}
{"level":"info","message":"GET /css/pages.css 304 - 2ms","timestamp":"2026-04-29T11:58:03.254Z"}
{"level":"info","message":"GET /css/forms.css 304 - 1ms","timestamp":"2026-04-29T11:58:03.254Z"}
{"level":"info","message":"GET /css/tables.css 304 - 2ms","timestamp":"2026-04-29T11:58:03.257Z"}
{"level":"info","message":"GET /css/utilities.css 304 - 2ms","timestamp":"2026-04-29T11:58:03.258Z"}
{"level":"info","message":"GET /js/helpers.js 304 - 2ms","timestamp":"2026-04-29T11:58:03.398Z"}
{"level":"info","message":"GET /js/dealForm.js 304 - 3ms","timestamp":"2026-04-29T11:58:03.400Z"}
{"level":"info","message":"GET /js/ppt.js 304 - 2ms","timestamp":"2026-04-29T11:58:03.401Z"}
{"level":"info","message":"GET /js/summary.js 304 - 5ms","timestamp":"2026-04-29T11:58:03.408Z"}
{"level":"info","message":"GET /js/health.js 304 - 5ms","timestamp":"2026-04-29T11:58:03.408Z"}
{"level":"info","message":"GET /js/records.js 200 - 11ms","timestamp":"2026-04-29T11:58:03.413Z"}
{"level":"info","message":"GET /js/ui.js 200 - 13ms","timestamp":"2026-04-29T11:58:03.417Z"}
{"level":"info","message":"GET /components/topbar.html 304 - 1ms","timestamp":"2026-04-29T11:58:03.425Z"}
{"level":"info","message":"GET /components/sidebar.html 304 - 9ms","timestamp":"2026-04-29T11:58:03.433Z"}
{"level":"info","message":"GET /pages/records.html 304 - 3ms","timestamp":"2026-04-29T11:58:03.441Z"}
{"level":"info","message":"GET /pages/new-deal.html 304 - 3ms","timestamp":"2026-04-29T11:58:03.441Z"}
{"level":"info","message":"GET /pages/summary.html 304 - 3ms","timestamp":"2026-04-29T11:58:03.442Z"}
{"level":"info","message":"GET /pages/health.html 304 - 4ms","timestamp":"2026-04-29T11:58:03.443Z"}
{"level":"info","message":"GET /favicon.ico 304 - 9ms","timestamp":"2026-04-29T11:58:03.601Z"}
{"level":"info","message":"GET /api/deals 304 - 148ms","timestamp":"2026-04-29T11:58:03.766Z"}
{"level":"info","message":"GET / 304 - 15ms","timestamp":"2026-04-29T12:02:15.514Z"}
{"level":"info","message":"GET /css/style.css 304 - 19ms","timestamp":"2026-04-29T12:02:15.644Z"}
{"level":"info","message":"GET /css/base.css 304 - 16ms","timestamp":"2026-04-29T12:02:15.688Z"}
{"level":"info","message":"GET /css/layout.css 304 - 13ms","timestamp":"2026-04-29T12:02:15.690Z"}
{"level":"info","message":"GET /css/components.css 304 - 16ms","timestamp":"2026-04-29T12:02:15.696Z"}
{"level":"info","message":"GET /css/forms.css 304 - 26ms","timestamp":"2026-04-29T12:02:15.710Z"}
{"level":"info","message":"GET /css/pages.css 304 - 26ms","timestamp":"2026-04-29T12:02:15.711Z"}
{"level":"info","message":"GET /js/main.js 200 - 85ms","timestamp":"2026-04-29T12:02:15.718Z"}
{"level":"info","message":"GET /css/tables.css 304 - 4ms","timestamp":"2026-04-29T12:02:15.724Z"}
{"level":"info","message":"GET /css/ppt.css 304 - 5ms","timestamp":"2026-04-29T12:02:15.726Z"}
{"level":"info","message":"GET /css/utilities.css 304 - 11ms","timestamp":"2026-04-29T12:02:15.737Z"}
{"level":"info","message":"GET /js/helpers.js 304 - 1ms","timestamp":"2026-04-29T12:02:15.898Z"}
{"level":"info","message":"GET /js/dealForm.js 304 - 2ms","timestamp":"2026-04-29T12:02:15.900Z"}
{"level":"info","message":"GET /js/records.js 304 - 4ms","timestamp":"2026-04-29T12:02:15.904Z"}
{"level":"info","message":"GET /js/ppt.js 304 - 6ms","timestamp":"2026-04-29T12:02:15.905Z"}
{"level":"info","message":"GET /js/summary.js 304 - 8ms","timestamp":"2026-04-29T12:02:15.908Z"}
{"level":"info","message":"GET /js/health.js 304 - 3ms","timestamp":"2026-04-29T12:02:15.909Z"}
{"level":"info","message":"GET /js/ui.js 304 - 4ms","timestamp":"2026-04-29T12:02:15.911Z"}
{"level":"info","message":"GET /components/sidebar.html 304 - 3ms","timestamp":"2026-04-29T12:02:15.920Z"}
{"level":"info","message":"GET /components/topbar.html 200 - 4ms","timestamp":"2026-04-29T12:02:15.923Z"}
{"level":"info","message":"GET /pages/new-deal.html 304 - 1ms","timestamp":"2026-04-29T12:02:15.928Z"}
{"level":"info","message":"GET /pages/records.html 304 - 1ms","timestamp":"2026-04-29T12:02:15.928Z"}
{"level":"info","message":"GET /pages/summary.html 304 - 3ms","timestamp":"2026-04-29T12:02:15.930Z"}
{"level":"info","message":"GET /pages/health.html 304 - 4ms","timestamp":"2026-04-29T12:02:15.932Z"}
{"level":"info","message":"GET /favicon.ico 304 - 49ms","timestamp":"2026-04-29T12:02:16.120Z"}
{"level":"info","message":"GET /api/deals 304 - 114ms","timestamp":"2026-04-29T12:02:16.193Z"}
{"level":"info","message":"POST /api/deals 201 - 64ms","timestamp":"2026-04-29T12:02:32.602Z"}
{"level":"info","message":"GET /api/deals 200 - 12ms","timestamp":"2026-04-29T12:02:34.170Z"}
{"level":"error","message":"GET /api/deals/health 500 - 82ms","timestamp":"2026-04-29T12:02:38.037Z"}
{"level":"error","message":"GET /api/deals/health 500 - 5ms","timestamp":"2026-04-29T12:02:38.047Z"}
{"level":"info","message":"GET / 304 - 4ms","timestamp":"2026-04-29T12:05:39.541Z"}
{"level":"info","message":"GET /css/style.css 304 - 2ms","timestamp":"2026-04-29T12:05:39.817Z"}
{"level":"info","message":"GET /js/main.js 304 - 15ms","timestamp":"2026-04-29T12:05:39.842Z"}
{"level":"info","message":"GET /css/base.css 304 - 7ms","timestamp":"2026-04-29T12:05:39.850Z"}
{"level":"info","message":"GET /css/layout.css 304 - 3ms","timestamp":"2026-04-29T12:05:39.854Z"}
{"level":"info","message":"GET /css/components.css 304 - 2ms","timestamp":"2026-04-29T12:05:39.855Z"}
{"level":"info","message":"GET /css/forms.css 304 - 3ms","timestamp":"2026-04-29T12:05:39.856Z"}
{"level":"info","message":"GET /css/tables.css 304 - 8ms","timestamp":"2026-04-29T12:05:39.866Z"}
{"level":"info","message":"GET /css/pages.css 304 - 10ms","timestamp":"2026-04-29T12:05:39.869Z"}
{"level":"info","message":"GET /css/utilities.css 304 - 7ms","timestamp":"2026-04-29T12:05:39.871Z"}
{"level":"info","message":"GET /css/ppt.css 304 - 1ms","timestamp":"2026-04-29T12:05:39.872Z"}
{"level":"info","message":"GET /js/helpers.js 304 - 1ms","timestamp":"2026-04-29T12:05:40.036Z"}
{"level":"info","message":"GET /js/ppt.js 304 - 1ms","timestamp":"2026-04-29T12:05:40.037Z"}
{"level":"info","message":"GET /js/summary.js 304 - 1ms","timestamp":"2026-04-29T12:05:40.039Z"}
{"level":"info","message":"GET /js/dealForm.js 304 - 4ms","timestamp":"2026-04-29T12:05:40.042Z"}
{"level":"info","message":"GET /js/records.js 304 - 5ms","timestamp":"2026-04-29T12:05:40.045Z"}
{"level":"info","message":"GET /js/health.js 304 - 7ms","timestamp":"2026-04-29T12:05:40.047Z"}
{"level":"info","message":"GET /js/ui.js 304 - 7ms","timestamp":"2026-04-29T12:05:40.048Z"}
{"level":"info","message":"GET /components/topbar.html 304 - 2ms","timestamp":"2026-04-29T12:05:40.059Z"}
{"level":"info","message":"GET /components/sidebar.html 304 - 4ms","timestamp":"2026-04-29T12:05:40.062Z"}
{"level":"info","message":"GET /pages/new-deal.html 304 - 1ms","timestamp":"2026-04-29T12:05:40.073Z"}
{"level":"info","message":"GET /pages/records.html 304 - 1ms","timestamp":"2026-04-29T12:05:40.073Z"}
{"level":"info","message":"GET /pages/health.html 304 - 2ms","timestamp":"2026-04-29T12:05:40.075Z"}
{"level":"info","message":"GET /pages/summary.html 304 - 3ms","timestamp":"2026-04-29T12:05:40.075Z"}
{"level":"info","message":"GET /favicon.ico 304 - 2ms","timestamp":"2026-04-29T12:05:40.201Z"}
{"level":"info","message":"GET /api/deals 200 - 85ms","timestamp":"2026-04-29T12:05:40.296Z"}
