{"level":"info","message":"GET / 304 - 11ms","timestamp":"2026-04-25T05:13:37.946Z"}
{"level":"info","message":"GET /style.css 304 - 47ms","timestamp":"2026-04-25T05:13:38.408Z"}
{"level":"info","message":"GET /script.js 200 - 145ms","timestamp":"2026-04-25T05:13:38.509Z"}
{"level":"info","message":"GET /api/deals 304 - 143ms","timestamp":"2026-04-25T05:13:39.073Z"}
{"level":"info","message":"GET /favicon.ico 304 - 10ms","timestamp":"2026-04-25T05:13:39.107Z"}
{"level":"error","message":"GET /api/deals/health 500 - 91ms","timestamp":"2026-04-25T05:15:05.109Z"}
{"level":"info","message":"PUT /api/deals/69ebf5c90a2a5a028516b8c4 200 - 245ms","timestamp":"2026-04-25T05:16:59.495Z"}
{"level":"info","message":"GET /api/deals 200 - 27ms","timestamp":"2026-04-25T05:16:59.532Z"}
{"level":"info","message":"GET / 304 - 3ms","timestamp":"2026-04-25T05:21:03.693Z"}
{"level":"info","message":"GET /style.css 304 - 4ms","timestamp":"2026-04-25T05:21:03.764Z"}
{"level":"info","message":"GET /script.js 304 - 4ms","timestamp":"2026-04-25T05:21:03.772Z"}
{"level":"info","message":"GET /api/deals 304 - 21ms","timestamp":"2026-04-25T05:21:03.951Z"}
{"level":"info","message":"GET /favicon.ico 304 - 2ms","timestamp":"2026-04-25T05:21:03.956Z"}
{"level":"info","message":"GET / 304 - 3ms","timestamp":"2026-04-25T05:21:04.820Z"}
{"level":"info","message":"GET /style.css 304 - 3ms","timestamp":"2026-04-25T05:21:04.877Z"}
{"level":"info","message":"GET /script.js 304 - 2ms","timestamp":"2026-04-25T05:21:04.881Z"}
{"level":"info","message":"GET /api/deals 304 - 25ms","timestamp":"2026-04-25T05:21:05.067Z"}
{"level":"info","message":"GET /favicon.ico 304 - 4ms","timestamp":"2026-04-25T05:21:05.105Z"}
{"level":"info","message":"GET / 304 - 0ms","timestamp":"2026-04-25T05:21:05.200Z"}
{"level":"info","message":"GET /style.css 304 - 2ms","timestamp":"2026-04-25T05:21:05.231Z"}
{"level":"info","message":"GET /script.js 304 - 2ms","timestamp":"2026-04-25T05:21:05.236Z"}
{"level":"info","message":"GET /api/deals 304 - 19ms","timestamp":"2026-04-25T05:21:05.278Z"}
{"level":"info","message":"GET /favicon.ico 304 - 2ms","timestamp":"2026-04-25T05:21:05.343Z"}
{"level":"info","message":"DELETE /api/deals/69ebf5c80a2a5a028516b8c3 200 - 23ms","timestamp":"2026-04-25T05:21:58.513Z"}
{"level":"info","message":"GET /api/deals 200 - 26ms","timestamp":"2026-04-25T05:21:58.549Z"}
{"level":"info","message":"GET / 304 - 12ms","timestamp":"2026-04-25T05:23:44.232Z"}
{"level":"info","message":"GET /style.css 304 - 6ms","timestamp":"2026-04-25T05:23:44.497Z"}
{"level":"info","message":"GET /script.js 304 - 4ms","timestamp":"2026-04-25T05:23:44.507Z"}
{"level":"info","message":"GET /api/deals 304 - 46ms","timestamp":"2026-04-25T05:23:44.961Z"}
{"level":"info","message":"GET /favicon.ico 304 - 5ms","timestamp":"2026-04-25T05:23:45.062Z"}
{"level":"info","message":"GET / 304 - 23ms","timestamp":"2026-04-25T07:44:22.710Z"}
{"level":"info","message":"GET /style.css 304 - 10ms","timestamp":"2026-04-25T07:44:22.949Z"}
{"level":"info","message":"GET /script.js 304 - 63ms","timestamp":"2026-04-25T07:44:23.016Z"}
{"level":"info","message":"GET /api/deals 304 - 89ms","timestamp":"2026-04-25T07:44:23.334Z"}
{"level":"info","message":"GET /favicon.ico 304 - 3ms","timestamp":"2026-04-25T07:44:23.366Z"}
{"level":"error","message":"GET /api/deals/health 500 - 49ms","timestamp":"2026-04-25T07:45:57.229Z"}
{"level":"info","message":"GET / 200 - 25ms","timestamp":"2026-04-25T08:04:50.631Z"}
{"level":"info","message":"GET /style.css 304 - 5ms","timestamp":"2026-04-25T08:04:50.855Z"}
{"level":"info","message":"GET /script.js 304 - 8ms","timestamp":"2026-04-25T08:04:50.874Z"}
{"level":"info","message":"GET /api/deals 304 - 67ms","timestamp":"2026-04-25T08:04:51.221Z"}
{"level":"info","message":"GET /favicon.ico 200 - 9ms","timestamp":"2026-04-25T08:04:51.242Z"}
{"level":"info","message":"GET / 200 - 24ms","timestamp":"2026-04-25T08:55:08.175Z"}
{"level":"info","message":"GET /style.css 304 - 30ms","timestamp":"2026-04-25T08:55:08.441Z"}
{"level":"info","message":"GET /script.js 200 - 38ms","timestamp":"2026-04-25T08:55:08.452Z"}
{"level":"info","message":"GET /api/deals 304 - 94ms","timestamp":"2026-04-25T08:55:08.875Z"}
{"level":"info","message":"GET /favicon.ico 200 - 4ms","timestamp":"2026-04-25T08:55:08.937Z"}
{"level":"info","message":"GET / 304 - 21ms","timestamp":"2026-04-25T09:04:18.452Z"}
{"level":"info","message":"GET /script.js 304 - 34ms","timestamp":"2026-04-25T09:04:18.597Z"}
{"level":"info","message":"GET /style.css 304 - 47ms","timestamp":"2026-04-25T09:04:18.615Z"}
{"level":"info","message":"GET /api/deals 304 - 60ms","timestamp":"2026-04-25T09:04:18.980Z"}
{"level":"info","message":"GET /favicon.ico 304 - 3ms","timestamp":"2026-04-25T09:04:19.071Z"}
{"level":"info","message":"GET / 304 - 34ms","timestamp":"2026-04-25T09:10:25.124Z"}
{"level":"info","message":"GET /style.css 304 - 74ms","timestamp":"2026-04-25T09:10:25.529Z"}
{"level":"info","message":"GET /script.js 304 - 64ms","timestamp":"2026-04-25T09:10:25.540Z"}
{"level":"info","message":"GET /api/deals 304 - 93ms","timestamp":"2026-04-25T09:10:26.028Z"}
{"level":"info","message":"GET /favicon.ico 304 - 7ms","timestamp":"2026-04-25T09:10:26.172Z"}
{"level":"info","message":"GET / 200 - 19ms","timestamp":"2026-04-25T09:41:19.840Z"}
{"level":"info","message":"GET /style.css 304 - 3ms","timestamp":"2026-04-25T09:41:19.988Z"}
{"level":"info","message":"GET /script.js 200 - 33ms","timestamp":"2026-04-25T09:41:20.032Z"}
{"level":"info","message":"GET /api/deals 304 - 90ms","timestamp":"2026-04-25T09:41:20.421Z"}
{"level":"info","message":"GET /favicon.ico 200 - 9ms","timestamp":"2026-04-25T09:41:20.476Z"}
{"level":"info","message":"GET /uploads/1777071561542-272440531-WhatsApp_Image_2026-04-23_at_1.54.24_PM_(1).jpeg 304 - 4ms","timestamp":"2026-04-25T09:41:48.316Z"}
{"level":"info","message":"GET /uploads/1777071033665-630529041-20260419_005025295_-_Abhimanyu_Singh.jpg 304 - 6ms","timestamp":"2026-04-25T09:41:48.320Z"}
{"level":"info","message":"GET /favicon.ico 304 - 1ms","timestamp":"2026-04-25T09:41:59.383Z"}
{"level":"info","message":"GET / 304 - 1ms","timestamp":"2026-04-25T09:42:06.397Z"}
{"level":"info","message":"GET /style.css 304 - 21ms","timestamp":"2026-04-25T09:42:06.596Z"}
{"level":"info","message":"GET /script.js 304 - 26ms","timestamp":"2026-04-25T09:42:06.610Z"}
{"level":"info","message":"GET /api/deals 304 - 18ms","timestamp":"2026-04-25T09:42:06.885Z"}
{"level":"info","message":"GET /favicon.ico 304 - 1ms","timestamp":"2026-04-25T09:42:07.041Z"}
{"level":"error","message":"GET /api/deals/health 500 - 85ms","timestamp":"2026-04-25T09:43:13.878Z"}
{"level":"info","message":"PUT /api/deals/69ebef320a2a5a028516b8c2 200 - 91ms","timestamp":"2026-04-25T09:43:38.360Z"}
{"level":"info","message":"GET /api/deals 200 - 7ms","timestamp":"2026-04-25T09:43:38.371Z"}
{"level":"info","message":"GET / 200 - 19ms","timestamp":"2026-04-25T09:52:13.968Z"}
{"level":"info","message":"GET /style.css 304 - 21ms","timestamp":"2026-04-25T09:52:14.084Z"}
{"level":"info","message":"GET /script.js 200 - 30ms","timestamp":"2026-04-25T09:52:14.100Z"}
{"level":"info","message":"GET /api/deals 304 - 39ms","timestamp":"2026-04-25T09:52:14.388Z"}
{"level":"info","message":"GET /favicon.ico 200 - 2ms","timestamp":"2026-04-25T09:52:14.482Z"}
{"level":"info","message":"GET / 304 - 18ms","timestamp":"2026-04-25T10:08:36.586Z"}
{"level":"info","message":"GET /style.css 304 - 4ms","timestamp":"2026-04-25T10:08:36.718Z"}
{"level":"info","message":"GET /script.js 304 - 4ms","timestamp":"2026-04-25T10:08:36.720Z"}
{"level":"info","message":"GET /api/deals 304 - 86ms","timestamp":"2026-04-25T10:08:37.120Z"}
{"level":"info","message":"GET /favicon.ico 304 - 3ms","timestamp":"2026-04-25T10:08:37.149Z"}
