{"level":"error","message":"GET /api/deals/health 500 - 91ms","timestamp":"2026-04-25T05:15:05.109Z"}
{"level":"error","message":"GET /api/deals/health 500 - 49ms","timestamp":"2026-04-25T07:45:57.229Z"}
{"level":"error","message":"GET /api/deals/health 500 - 85ms","timestamp":"2026-04-25T09:43:13.878Z"}
{"level":"error","message":"GET /api/deals/health 500 - 144ms","timestamp":"2026-04-26T09:37:52.715Z"}
{"level":"error","message":"GET /api/deals/health 500 - 91ms","timestamp":"2026-04-26T09:51:11.535Z"}
{"level":"error","message":"GET /api/deals/health 500 - 116ms","timestamp":"2026-04-26T09:58:53.676Z"}
{"level":"error","message":"GET /api/deals/health 500 - 110ms","timestamp":"2026-04-28T06:00:15.115Z"}
{"level":"error","message":"GET /api/deals/health 500 - 308ms","timestamp":"2026-04-28T13:21:20.482Z"}
{"level":"error","message":"GET /api/deals/health 500 - 218ms","timestamp":"2026-04-28T14:06:49.972Z"}
{"level":"error","message":"GET /api/deals/health 500 - 18ms","timestamp":"2026-04-28T14:06:50.007Z"}
{"level":"error","message":"GET /api/deals/health 500 - 13ms","timestamp":"2026-04-28T14:06:55.946Z"}
{"level":"error","message":"GET /api/deals/health 500 - 14ms","timestamp":"2026-04-28T14:06:55.970Z"}
{"level":"error","message":"GET /api/deals/health 500 - 21ms","timestamp":"2026-04-28T14:09:47.663Z"}
{"level":"error","message":"GET /api/deals/health 500 - 16ms","timestamp":"2026-04-28T14:09:47.686Z"}
{"level":"error","message":"GET /api/deals/health 500 - 301ms","timestamp":"2026-04-28T16:28:38.585Z"}
{"level":"error","message":"GET /api/deals/health 500 - 7ms","timestamp":"2026-04-28T16:28:38.622Z"}
{"level":"error","message":"GET / 500 - 167ms","timestamp":"2026-04-28T17:12:51.206Z"}
{"level":"error","message":"GET /favicon.ico 500 - 4ms","timestamp":"2026-04-28T17:12:51.351Z"}
{"level":"error","message":"GET /api/deals/health 500 - 143ms","timestamp":"2026-04-28T17:23:07.640Z"}
{"level":"error","message":"GET /api/deals/health 500 - 17ms","timestamp":"2026-04-28T17:23:07.666Z"}
{"level":"error","message":"GET /api/deals/health 500 - 15ms","timestamp":"2026-04-28T17:23:15.634Z"}
{"level":"error","message":"GET /api/deals/health 500 - 10ms","timestamp":"2026-04-28T17:23:15.652Z"}
{"level":"error","message":"POST /api/insurance/bulk-process 404 - 6ms","timestamp":"2026-05-01T16:28:08.419Z"}
{"level":"error","message":"POST /api/insurance/bulk-process 404 - 4ms","timestamp":"2026-05-02T12:09:13.323Z"}
{"level":"error","message":"GET / 500 - 103ms","timestamp":"2026-05-03T09:31:06.070Z"}
{"level":"error","message":"GET /favicon.ico 500 - 162ms","timestamp":"2026-05-03T10:43:21.721Z"}
{"level":"error","message":"GET /pages/new-deal.html 500 - 11ms","timestamp":"2026-05-03T10:43:26.169Z"}
{"level":"error","message":"GET /pages/summary.html 500 - 15ms","timestamp":"2026-05-03T10:43:26.179Z"}
{"level":"error","message":"GET /pages/records.html 500 - 16ms","timestamp":"2026-05-03T10:43:26.181Z"}
{"level":"error","message":"GET /pages/health.html 500 - 15ms","timestamp":"2026-05-03T10:43:26.186Z"}
{"level":"error","message":"GET /pages/calculator.html 500 - 11ms","timestamp":"2026-05-03T10:43:26.194Z"}
{"level":"error","message":"GET /pages/tl-report.html 500 - 13ms","timestamp":"2026-05-03T10:43:26.197Z"}
{"level":"error","message":"GET /favicon.ico 500 - 51ms","timestamp":"2026-05-03T10:43:26.235Z"}
{"level":"error","message":"GET / 500 - 6ms","timestamp":"2026-05-03T10:43:28.182Z"}
{"level":"error","message":"GET /favicon.ico 500 - 3ms","timestamp":"2026-05-03T10:43:28.363Z"}
{"level":"error","message":"GET /favicon.ico 500 - 4ms","timestamp":"2026-05-03T10:43:30.414Z"}
{"level":"error","message":"GET /favicon.ico 500 - 3ms","timestamp":"2026-05-03T10:43:31.652Z"}
{"level":"error","message":"GET /favicon.ico 500 - 3ms","timestamp":"2026-05-03T10:43:32.804Z"}
{"level":"error","message":"GET /favicon.ico 500 - 4ms","timestamp":"2026-05-03T10:43:34.198Z"}
{"level":"error","message":"GET / 500 - 60ms","timestamp":"2026-05-03T10:45:24.630Z"}
{"level":"error","message":"GET /favicon.ico 500 - 3ms","timestamp":"2026-05-03T10:45:25.071Z"}
{"level":"error","message":"POST /api/deals/bulk 400 - 1ms","timestamp":"2026-05-05T12:18:04.697Z"}
{"level":"error","message":"POST /api/deals/bulk 400 - 0ms","timestamp":"2026-05-05T12:18:05.101Z"}
{"level":"error","message":"POST /api/deals/bulk 400 - 2ms","timestamp":"2026-05-05T12:18:05.913Z"}
