{"level":"info","message":"GET / 200 - 172ms","timestamp":"2026-05-03T10:58:57.660Z"}
{"level":"info","message":"GET /css/style.css 304 - 3ms","timestamp":"2026-05-03T10:58:57.938Z"}
{"level":"info","message":"GET /js/main.js?v=2 304 - 4ms","timestamp":"2026-05-03T10:58:57.941Z"}
{"level":"info","message":"GET /css/base.css 304 - 2ms","timestamp":"2026-05-03T10:58:57.961Z"}
{"level":"info","message":"GET /css/layout.css 304 - 3ms","timestamp":"2026-05-03T10:58:57.967Z"}
{"level":"info","message":"GET /css/components.css 304 - 15ms","timestamp":"2026-05-03T10:58:58.000Z"}
{"level":"info","message":"GET /css/forms.css 304 - 14ms","timestamp":"2026-05-03T10:58:58.003Z"}
{"level":"info","message":"GET /css/tables.css 304 - 13ms","timestamp":"2026-05-03T10:58:58.006Z"}
{"level":"info","message":"GET /css/pages.css 304 - 19ms","timestamp":"2026-05-03T10:58:58.015Z"}
{"level":"info","message":"GET /css/ppt.css 304 - 20ms","timestamp":"2026-05-03T10:58:58.018Z"}
{"level":"info","message":"GET /css/utilities.css 304 - 23ms","timestamp":"2026-05-03T10:58:58.022Z"}
{"level":"info","message":"GET /js/helpers.js 304 - 2ms","timestamp":"2026-05-03T10:58:58.205Z"}
{"level":"info","message":"GET /js/dealForm.js 304 - 2ms","timestamp":"2026-05-03T10:58:58.206Z"}
{"level":"info","message":"GET /js/ppt.js 304 - 6ms","timestamp":"2026-05-03T10:58:58.210Z"}
{"level":"info","message":"GET /js/records.js 304 - 3ms","timestamp":"2026-05-03T10:58:58.216Z"}
{"level":"info","message":"GET /js/summary.js 304 - 3ms","timestamp":"2026-05-03T10:58:58.217Z"}
{"level":"info","message":"GET /js/ui.js 304 - 4ms","timestamp":"2026-05-03T10:58:58.219Z"}
{"level":"info","message":"GET /js/health.js 304 - 3ms","timestamp":"2026-05-03T10:58:58.223Z"}
{"level":"info","message":"GET /js/FILTERPPTDOWNLOAD.js 304 - 4ms","timestamp":"2026-05-03T10:58:58.225Z"}
{"level":"info","message":"GET /js/BULKEXCELUPLOAD.js 304 - 6ms","timestamp":"2026-05-03T10:58:58.228Z"}
{"level":"info","message":"GET /components/topbar.html 304 - 13ms","timestamp":"2026-05-03T10:58:58.250Z"}
{"level":"info","message":"GET /components/sidebar.html 304 - 3ms","timestamp":"2026-05-03T10:58:58.255Z"}
{"level":"info","message":"GET /favicon.ico 200 - 12ms","timestamp":"2026-05-03T10:58:58.265Z"}
{"level":"info","message":"GET /pages/new-deal.html 200 - 13ms","timestamp":"2026-05-03T10:58:58.276Z"}
{"level":"info","message":"GET /pages/records.html 200 - 13ms","timestamp":"2026-05-03T10:58:58.281Z"}
{"level":"info","message":"GET /pages/summary.html 200 - 14ms","timestamp":"2026-05-03T10:58:58.283Z"}
{"level":"info","message":"GET /pages/health.html 200 - 15ms","timestamp":"2026-05-03T10:58:58.285Z"}
{"level":"info","message":"GET /pages/calculator.html 200 - 17ms","timestamp":"2026-05-03T10:58:58.287Z"}
{"level":"info","message":"GET /pages/tl-report.html 200 - 25ms","timestamp":"2026-05-03T10:58:58.299Z"}
{"level":"info","message":"GET /pages/pivot_report_generator.html 304 - 3ms","timestamp":"2026-05-03T10:58:58.383Z"}
{"level":"info","message":"GET /api/deals 304 - 113ms","timestamp":"2026-05-03T10:58:58.468Z"}
{"level":"info","message":"GET /pages/mis_v6.html 304 - 3ms","timestamp":"2026-05-03T10:59:03.688Z"}
{"level":"info","message":"GET /favicon.ico 304 - 2ms","timestamp":"2026-05-03T10:59:04.364Z"}
{"level":"info","message":"GET / 304 - 8ms","timestamp":"2026-05-03T11:08:47.620Z"}
{"level":"info","message":"GET /css/style.css 304 - 5ms","timestamp":"2026-05-03T11:08:47.834Z"}
{"level":"info","message":"GET /js/main.js?v=2 304 - 6ms","timestamp":"2026-05-03T11:08:47.835Z"}
{"level":"info","message":"GET /css/base.css 304 - 2ms","timestamp":"2026-05-03T11:08:47.856Z"}
{"level":"info","message":"GET /css/layout.css 304 - 3ms","timestamp":"2026-05-03T11:08:47.858Z"}
{"level":"info","message":"GET /css/pages.css 304 - 7ms","timestamp":"2026-05-03T11:08:47.873Z"}
{"level":"info","message":"GET /css/components.css 304 - 28ms","timestamp":"2026-05-03T11:08:47.896Z"}
{"level":"info","message":"GET /css/tables.css 304 - 31ms","timestamp":"2026-05-03T11:08:47.901Z"}
{"level":"info","message":"GET /css/forms.css 304 - 7ms","timestamp":"2026-05-03T11:08:47.912Z"}
{"level":"info","message":"GET /css/ppt.css 304 - 7ms","timestamp":"2026-05-03T11:08:47.915Z"}
{"level":"info","message":"GET /css/utilities.css 304 - 2ms","timestamp":"2026-05-03T11:08:47.919Z"}
{"level":"info","message":"GET /js/helpers.js 304 - 3ms","timestamp":"2026-05-03T11:08:48.053Z"}
{"level":"info","message":"GET /js/dealForm.js 304 - 4ms","timestamp":"2026-05-03T11:08:48.055Z"}
{"level":"info","message":"GET /js/ppt.js 304 - 4ms","timestamp":"2026-05-03T11:08:48.056Z"}
{"level":"info","message":"GET /js/records.js 304 - 5ms","timestamp":"2026-05-03T11:08:48.057Z"}
{"level":"info","message":"GET /js/summary.js 304 - 7ms","timestamp":"2026-05-03T11:08:48.060Z"}
{"level":"info","message":"GET /js/ui.js 304 - 2ms","timestamp":"2026-05-03T11:08:48.070Z"}
{"level":"info","message":"GET /js/FILTERPPTDOWNLOAD.js 304 - 4ms","timestamp":"2026-05-03T11:08:48.073Z"}
{"level":"info","message":"GET /js/BULKEXCELUPLOAD.js 304 - 7ms","timestamp":"2026-05-03T11:08:48.075Z"}
{"level":"info","message":"GET /js/health.js 304 - 9ms","timestamp":"2026-05-03T11:08:48.078Z"}
{"level":"info","message":"GET /components/sidebar.html 304 - 8ms","timestamp":"2026-05-03T11:08:48.094Z"}
{"level":"info","message":"GET /components/topbar.html 304 - 9ms","timestamp":"2026-05-03T11:08:48.096Z"}
{"level":"info","message":"GET /favicon.ico 304 - 3ms","timestamp":"2026-05-03T11:08:48.100Z"}
{"level":"info","message":"GET /pages/new-deal.html 304 - 1ms","timestamp":"2026-05-03T11:08:48.103Z"}
{"level":"info","message":"GET /pages/records.html 304 - 2ms","timestamp":"2026-05-03T11:08:48.104Z"}
{"level":"info","message":"GET /pages/summary.html 304 - 5ms","timestamp":"2026-05-03T11:08:48.107Z"}
{"level":"info","message":"GET /pages/health.html 304 - 4ms","timestamp":"2026-05-03T11:08:48.109Z"}
{"level":"info","message":"GET /pages/calculator.html 304 - 5ms","timestamp":"2026-05-03T11:08:48.111Z"}
{"level":"info","message":"GET /pages/tl-report.html 304 - 6ms","timestamp":"2026-05-03T11:08:48.113Z"}
{"level":"info","message":"GET /pages/pivot_report_generator.html 304 - 0ms","timestamp":"2026-05-03T11:08:48.155Z"}
{"level":"info","message":"GET /api/deals 304 - 62ms","timestamp":"2026-05-03T11:08:48.208Z"}
{"level":"info","message":"GET /pages/calculator/Insurance_Pro_updated.html 304 - 1ms","timestamp":"2026-05-03T11:08:53.034Z"}
{"level":"info","message":"GET /pages/mis_v6.html 304 - 2ms","timestamp":"2026-05-03T11:10:25.739Z"}
{"level":"info","message":"GET /favicon.ico 304 - 3ms","timestamp":"2026-05-03T11:10:26.020Z"}
{"level":"info","message":"GET / 304 - 14ms","timestamp":"2026-05-03T11:23:09.374Z"}
{"level":"info","message":"GET /js/main.js?v=2 304 - 2ms","timestamp":"2026-05-03T11:23:09.592Z"}
{"level":"info","message":"GET /css/style.css 304 - 25ms","timestamp":"2026-05-03T11:23:09.599Z"}
{"level":"info","message":"GET /css/layout.css 304 - 14ms","timestamp":"2026-05-03T11:23:09.625Z"}
{"level":"info","message":"GET /css/base.css 304 - 21ms","timestamp":"2026-05-03T11:23:09.632Z"}
{"level":"info","message":"GET /css/components.css 304 - 20ms","timestamp":"2026-05-03T11:23:09.638Z"}
{"level":"info","message":"GET /css/forms.css 304 - 23ms","timestamp":"2026-05-03T11:23:09.644Z"}
{"level":"info","message":"GET /css/tables.css 304 - 7ms","timestamp":"2026-05-03T11:23:09.656Z"}
{"level":"info","message":"GET /css/ppt.css 304 - 6ms","timestamp":"2026-05-03T11:23:09.659Z"}
{"level":"info","message":"GET /css/pages.css 304 - 12ms","timestamp":"2026-05-03T11:23:09.674Z"}
{"level":"info","message":"GET /css/utilities.css 304 - 16ms","timestamp":"2026-05-03T11:23:09.681Z"}
{"level":"info","message":"GET /js/helpers.js 304 - 5ms","timestamp":"2026-05-03T11:23:09.833Z"}
{"level":"info","message":"GET /js/dealForm.js 304 - 7ms","timestamp":"2026-05-03T11:23:09.836Z"}
{"level":"info","message":"GET /js/ppt.js 304 - 8ms","timestamp":"2026-05-03T11:23:09.837Z"}
{"level":"info","message":"GET /js/records.js 304 - 8ms","timestamp":"2026-05-03T11:23:09.838Z"}
{"level":"info","message":"GET /js/health.js 304 - 9ms","timestamp":"2026-05-03T11:23:09.839Z"}
{"level":"info","message":"GET /js/summary.js 304 - 11ms","timestamp":"2026-05-03T11:23:09.842Z"}
{"level":"info","message":"GET /js/ui.js 304 - 1ms","timestamp":"2026-05-03T11:23:09.844Z"}
{"level":"info","message":"GET /js/FILTERPPTDOWNLOAD.js 304 - 2ms","timestamp":"2026-05-03T11:23:09.845Z"}
{"level":"info","message":"GET /js/BULKEXCELUPLOAD.js 304 - 5ms","timestamp":"2026-05-03T11:23:09.849Z"}
{"level":"info","message":"GET /components/sidebar.html 304 - 0ms","timestamp":"2026-05-03T11:23:09.858Z"}
{"level":"info","message":"GET /components/topbar.html 304 - 1ms","timestamp":"2026-05-03T11:23:09.859Z"}
{"level":"info","message":"GET /pages/new-deal.html 304 - 8ms","timestamp":"2026-05-03T11:23:09.878Z"}
{"level":"info","message":"GET /pages/records.html 304 - 11ms","timestamp":"2026-05-03T11:23:09.883Z"}
{"level":"info","message":"GET /pages/summary.html 304 - 15ms","timestamp":"2026-05-03T11:23:09.887Z"}
{"level":"info","message":"GET /pages/health.html 304 - 14ms","timestamp":"2026-05-03T11:23:09.888Z"}
{"level":"info","message":"GET /favicon.ico 304 - 22ms","timestamp":"2026-05-03T11:23:09.891Z"}
{"level":"info","message":"GET /pages/tl-report.html 304 - 2ms","timestamp":"2026-05-03T11:23:09.892Z"}
{"level":"info","message":"GET /pages/calculator.html 304 - 0ms","timestamp":"2026-05-03T11:23:09.894Z"}
{"level":"info","message":"GET /pages/pivot_report_generator.html 304 - 1ms","timestamp":"2026-05-03T11:23:10.017Z"}
{"level":"info","message":"GET /api/deals 304 - 54ms","timestamp":"2026-05-03T11:23:10.064Z"}
{"level":"info","message":"GET /pages/mis_v6.html 304 - 1ms","timestamp":"2026-05-03T11:23:12.261Z"}
{"level":"info","message":"GET /favicon.ico 304 - 1ms","timestamp":"2026-05-03T11:23:12.568Z"}
